Using pre-set license
Built from '2020.2/release' branch; Version is '2020.2.2f1 (068178b99f32) revision 426360'; Using compiler version '192528614'; Build Type 'Release'
OS: 'Windows 10 Home; OS build 19042.867; Version 2009; 64bit' Language: 'en' Physical Memory: 3975 MB
BatchMode: 1, IsHumanControllingUs: 0, StartBugReporterOnCrash: 0, Is64bit: 1, IsPro: 0

 COMMAND LINE ARGUMENTS:
C:\Program Files\Unity\Hub\Editor\2020.2.2f1\Editor\Unity.exe
-adb2
-batchMode
-noUpm
-name
AssetImportWorker0
-projectPath
C:/Users/18175/Documents/GitHub/Light-project/Light game
-logFile
Logs/AssetImportWorker0.log
-srvPort
59172
Successfully changed project path to: C:/Users/18175/Documents/GitHub/Light-project/Light game
C:/Users/18175/Documents/GitHub/Light-project/Light game
Using Asset Import Pipeline V2.
Refreshing native plugins compatible for Editor in 273.84 ms, found 0 plugins.
Preloading 0 native plugins for Editor in 0.00 ms.
Initialize engine version: 2020.2.2f1 (068178b99f32)
[Subsystems] Discovering subsystems at path C:/Program Files/Unity/Hub/Editor/2020.2.2f1/Editor/Data/Resources/UnitySubsystems
[Subsystems] Discovering subsystems at path C:/Users/18175/Documents/GitHub/Light-project/Light game/Assets
GfxDevice: creating device client; threaded=0
Direct3D:
    Version:  Direct3D 11.0 [level 11.1]
    Renderer: Intel(R) UHD Graphics 620 (ID=0x5917)
    Vendor:   
    VRAM:     1987 MB
    Driver:   27.20.100.8853
Initialize mono
Mono path[0] = 'C:/Program Files/Unity/Hub/Editor/2020.2.2f1/Editor/Data/Managed'
Mono path[1] = 'C:/Program Files/Unity/Hub/Editor/2020.2.2f1/Editor/Data/MonoBleedingEdge/lib/mono/unityjit'
Mono config path = 'C:/Program Files/Unity/Hub/Editor/2020.2.2f1/Editor/Data/MonoBleedingEdge/etc'
Using monoOptions --debugger-agent=transport=dt_socket,embedding=1,server=y,suspend=n,address=127.0.0.1:56448
Begin MonoManager ReloadAssembly
Registering precompiled unity dll's ...
Register platform support module: C:/Program Files/Unity/Hub/Editor/2020.2.2f1/Editor/Data/PlaybackEngines/WindowsStandaloneSupport/UnityEditor.WindowsStandalone.Extensions.dll
Registered in 0.008776 seconds.
Native extension for WindowsStandalone target not found
Refreshing native plugins compatible for Editor in 153.60 ms, found 0 plugins.
Preloading 0 native plugins for Editor in 0.00 ms.
Invoked RoslynAnalysisRunner static constructor.
RoslynAnalysisRunner will not be running.
RoslynAnalysisRunner has terminated.
Mono: successfully reloaded assembly
- Completed reload, in 12.234 seconds
Platform modules already initialized, skipping
Registering precompiled user dll's ...
Registered in 0.013527 seconds.
Begin MonoManager ReloadAssembly
Native extension for WindowsStandalone target not found
Refreshing native plugins compatible for Editor in 0.76 ms, found 0 plugins.
Preloading 0 native plugins for Editor in 0.00 ms.
Invoked RoslynAnalysisRunner static constructor.
RoslynAnalysisRunner will not be running.
RoslynAnalysisRunner has terminated.
Mono: successfully reloaded assembly
- Completed reload, in  3.965 seconds
Platform modules already initialized, skipping
========================================================================
Worker process is ready to serve import requests
Launched and connected shader compiler UnityShaderCompiler.exe after 0.24 seconds
Refreshing native plugins compatible for Editor in 0.55 ms, found 0 plugins.
Preloading 0 native plugins for Editor in 0.00 ms.
Unloading 1556 Unused Serialized files (Serialized files now loaded: 0)
System memory in use before: 69.5 MB.
System memory in use after: 69.5 MB.

Unloading 34 unused Assets to reduce memory usage. Loaded Objects now: 1985.
Total: 10.574500 ms (FindLiveObjects: 0.213500 ms CreateObjectMapping: 0.076900 ms MarkObjects: 9.410200 ms  DeleteObjects: 0.871800 ms)

========================================================================
Received Import Request.
  path: Assets/Scripts/Halpern Code/Enemy.cs
  artifactKey: Guid(33cade9d39b32f047893966280b1511c) Importer(815301076,1909f56bfc062723c751e8b465ee728b)
Start importing Assets/Scripts/Halpern Code/Enemy.cs using Guid(33cade9d39b32f047893966280b1511c) Importer(815301076,1909f56bfc062723c751e8b465ee728b)  -> (artifact id: '0ba71fe3cb4c8acfced9d91a6402cc08') in 0.449856 seconds
  Import took 0.458213 seconds .

========================================================================
Received Prepare
Registering precompiled user dll's ...
Registered in 0.008096 seconds.
Begin MonoManager ReloadAssembly
Native extension for WindowsStandalone target not found
Refreshing native plugins compatible for Editor in 5.17 ms, found 0 plugins.
Preloading 0 native plugins for Editor in 0.00 ms.
Invoked RoslynAnalysisRunner static constructor.
RoslynAnalysisRunner will not be running.
RoslynAnalysisRunner has terminated.
Mono: successfully reloaded assembly
- Completed reload, in  4.164 seconds
Platform modules already initialized, skipping
Refreshing native plugins compatible for Editor in 1.23 ms, found 0 plugins.
Preloading 0 native plugins for Editor in 0.00 ms.
Unloading 1550 Unused Serialized files (Serialized files now loaded: 0)
System memory in use before: 69.5 MB.
System memory in use after: 69.6 MB.

Unloading 25 unused Assets to reduce memory usage. Loaded Objects now: 1988.
Total: 25.161500 ms (FindLiveObjects: 0.615500 ms CreateObjectMapping: 0.135800 ms MarkObjects: 23.600900 ms  DeleteObjects: 0.798000 ms)

========================================================================
Received Import Request.
  Time since last request: 159.013834 seconds.
  path: Assets/Scripts/Halpern Code/Player.cs
  artifactKey: Guid(50593aee087e36545a70dc9395089e36) Importer(815301076,1909f56bfc062723c751e8b465ee728b)
Start importing Assets/Scripts/Halpern Code/Player.cs using Guid(50593aee087e36545a70dc9395089e36) Importer(815301076,1909f56bfc062723c751e8b465ee728b)  -> (artifact id: '542b990448f27e4c25c4a021e122f8a6') in 0.291166 seconds
  Import took 0.385559 seconds .

========================================================================
Received Import Request.
  Time since last request: 79.336969 seconds.
  path: Assets/Scripts/Halpern Code/Character.cs
  artifactKey: Guid(fe223840124e79c4aa5db4cef2acd246) Importer(815301076,1909f56bfc062723c751e8b465ee728b)
Start importing Assets/Scripts/Halpern Code/Character.cs using Guid(fe223840124e79c4aa5db4cef2acd246) Importer(815301076,1909f56bfc062723c751e8b465ee728b)  -> (artifact id: '7ae2d609029ca17d7e7ee9012d7b1a1a') in 0.079109 seconds
  Import took 0.315792 seconds .

========================================================================
Received Prepare
Registering precompiled user dll's ...
Registered in 0.022094 seconds.
Begin MonoManager ReloadAssembly
Native extension for WindowsStandalone target not found
Refreshing native plugins compatible for Editor in 0.93 ms, found 0 plugins.
Preloading 0 native plugins for Editor in 0.00 ms.
Invoked RoslynAnalysisRunner static constructor.
RoslynAnalysisRunner will not be running.
RoslynAnalysisRunner has terminated.
Mono: successfully reloaded assembly
- Completed reload, in  2.371 seconds
Platform modules already initialized, skipping
Refreshing native plugins compatible for Editor in 0.62 ms, found 0 plugins.
Preloading 0 native plugins for Editor in 0.00 ms.
Unloading 1549 Unused Serialized files (Serialized files now loaded: 0)
System memory in use before: 69.6 MB.
System memory in use after: 69.7 MB.

Unloading 25 unused Assets to reduce memory usage. Loaded Objects now: 1990.
Total: 16.101100 ms (FindLiveObjects: 1.254700 ms CreateObjectMapping: 0.157600 ms MarkObjects: 14.222900 ms  DeleteObjects: 0.462600 ms)

========================================================================
Received Import Request.
  Time since last request: 171405.834556 seconds.
  path: Assets/Scripts/Event Mangager/EventTest.cs
  artifactKey: Guid(ed459911be478604aa3cb9d41a04df23) Importer(815301076,1909f56bfc062723c751e8b465ee728b)
Start importing Assets/Scripts/Event Mangager/EventTest.cs using Guid(ed459911be478604aa3cb9d41a04df23) Importer(815301076,1909f56bfc062723c751e8b465ee728b)  -> (artifact id: 'a739c6d821bc9850012ba04f24391027') in 0.192685 seconds
  Import took 0.214111 seconds .

========================================================================
Received Import Request.
  Time since last request: 19.296149 seconds.
  path: Assets/Scripts/Event Mangager/EventTriggerTest.cs
  artifactKey: Guid(ae74d75ac4d4c9845bac172a3fcc3958) Importer(815301076,1909f56bfc062723c751e8b465ee728b)
Start importing Assets/Scripts/Event Mangager/EventTriggerTest.cs using Guid(ae74d75ac4d4c9845bac172a3fcc3958) Importer(815301076,1909f56bfc062723c751e8b465ee728b)  -> (artifact id: '828b775443650e9632ecb91dfbd400a1') in 0.019288 seconds
  Import took 0.027768 seconds .

========================================================================
Received Prepare
Registering precompiled user dll's ...
Registered in 0.004052 seconds.
Begin MonoManager ReloadAssembly
Native extension for WindowsStandalone target not found
Refreshing native plugins compatible for Editor in 2.09 ms, found 0 plugins.
Preloading 0 native plugins for Editor in 0.00 ms.
Invoked RoslynAnalysisRunner static constructor.
RoslynAnalysisRunner will not be running.
RoslynAnalysisRunner has terminated.
Mono: successfully reloaded assembly
- Completed reload, in  1.771 seconds
Platform modules already initialized, skipping
Refreshing native plugins compatible for Editor in 0.50 ms, found 0 plugins.
Preloading 0 native plugins for Editor in 0.00 ms.
Unloading 1549 Unused Serialized files (Serialized files now loaded: 0)
System memory in use before: 69.8 MB.
System memory in use after: 69.9 MB.

Unloading 25 unused Assets to reduce memory usage. Loaded Objects now: 1992.
Total: 17.422200 ms (FindLiveObjects: 1.655800 ms CreateObjectMapping: 0.326800 ms MarkObjects: 14.916700 ms  DeleteObjects: 0.520300 ms)

========================================================================
Received Prepare
Registering precompiled user dll's ...
Registered in 0.004195 seconds.
Begin MonoManager ReloadAssembly
Native extension for WindowsStandalone target not found
Refreshing native plugins compatible for Editor in 0.84 ms, found 0 plugins.
Preloading 0 native plugins for Editor in 0.00 ms.
Invoked RoslynAnalysisRunner static constructor.
RoslynAnalysisRunner will not be running.
RoslynAnalysisRunner has terminated.
Mono: successfully reloaded assembly
- Completed reload, in  2.323 seconds
Platform modules already initialized, skipping
Refreshing native plugins compatible for Editor in 0.50 ms, found 0 plugins.
Preloading 0 native plugins for Editor in 0.00 ms.
Unloading 1549 Unused Serialized files (Serialized files now loaded: 0)
System memory in use before: 69.9 MB.
System memory in use after: 70.0 MB.

Unloading 25 unused Assets to reduce memory usage. Loaded Objects now: 1994.
Total: 3.897900 ms (FindLiveObjects: 0.360300 ms CreateObjectMapping: 0.090800 ms MarkObjects: 3.406700 ms  DeleteObjects: 0.038100 ms)

========================================================================
Received Prepare
Registering precompiled user dll's ...
Registered in 0.005784 seconds.
Begin MonoManager ReloadAssembly
Native extension for WindowsStandalone target not found
Refreshing native plugins compatible for Editor in 1.59 ms, found 0 plugins.
Preloading 0 native plugins for Editor in 0.00 ms.
Invoked RoslynAnalysisRunner static constructor.
RoslynAnalysisRunner will not be running.
RoslynAnalysisRunner has terminated.
Mono: successfully reloaded assembly
- Completed reload, in  2.435 seconds
Platform modules already initialized, skipping
Refreshing native plugins compatible for Editor in 1.33 ms, found 0 plugins.
Preloading 0 native plugins for Editor in 0.00 ms.
Unloading 1549 Unused Serialized files (Serialized files now loaded: 0)
System memory in use before: 70.0 MB.
System memory in use after: 70.1 MB.

Unloading 25 unused Assets to reduce memory usage. Loaded Objects now: 1996.
Total: 6.503200 ms (FindLiveObjects: 1.500700 ms CreateObjectMapping: 0.267200 ms MarkObjects: 4.686300 ms  DeleteObjects: 0.046000 ms)

========================================================================
Received Prepare
Registering precompiled user dll's ...
Registered in 0.002529 seconds.
Begin MonoManager ReloadAssembly
Native extension for WindowsStandalone target not found
Refreshing native plugins compatible for Editor in 0.69 ms, found 0 plugins.
Preloading 0 native plugins for Editor in 0.00 ms.
Invoked RoslynAnalysisRunner static constructor.
RoslynAnalysisRunner will not be running.
RoslynAnalysisRunner has terminated.
Mono: successfully reloaded assembly
- Completed reload, in  2.055 seconds
Platform modules already initialized, skipping
Refreshing native plugins compatible for Editor in 0.66 ms, found 0 plugins.
Preloading 0 native plugins for Editor in 0.00 ms.
Unloading 1549 Unused Serialized files (Serialized files now loaded: 0)
System memory in use before: 70.1 MB.
System memory in use after: 70.2 MB.

Unloading 25 unused Assets to reduce memory usage. Loaded Objects now: 1998.
Total: 13.553300 ms (FindLiveObjects: 0.711800 ms CreateObjectMapping: 0.183500 ms MarkObjects: 12.204500 ms  DeleteObjects: 0.451100 ms)

========================================================================
Received Import Request.
  Time since last request: 471.051653 seconds.
  path: Assets/Scripts/Characterfollower.cs
  artifactKey: Guid(775d8c5926cd4b94b8fdefaff4197631) Importer(815301076,1909f56bfc062723c751e8b465ee728b)
Start importing Assets/Scripts/Characterfollower.cs using Guid(775d8c5926cd4b94b8fdefaff4197631) Importer(815301076,1909f56bfc062723c751e8b465ee728b)  -> (artifact id: '3110e75007cdbde6fb4ab6a686b82cc7') in 0.036356 seconds
  Import took 0.047803 seconds .

========================================================================
Received Prepare
Registering precompiled user dll's ...
Registered in 0.004131 seconds.
Begin MonoManager ReloadAssembly
Native extension for WindowsStandalone target not found
Refreshing native plugins compatible for Editor in 0.75 ms, found 0 plugins.
Preloading 0 native plugins for Editor in 0.00 ms.
Invoked RoslynAnalysisRunner static constructor.
RoslynAnalysisRunner will not be running.
RoslynAnalysisRunner has terminated.
Mono: successfully reloaded assembly
- Completed reload, in  2.226 seconds
Platform modules already initialized, skipping
Refreshing native plugins compatible for Editor in 0.99 ms, found 0 plugins.
Preloading 0 native plugins for Editor in 0.00 ms.
Unloading 1549 Unused Serialized files (Serialized files now loaded: 0)
System memory in use before: 70.3 MB.
System memory in use after: 70.4 MB.

Unloading 25 unused Assets to reduce memory usage. Loaded Objects now: 2000.
Total: 5.908900 ms (FindLiveObjects: 0.676200 ms CreateObjectMapping: 0.206100 ms MarkObjects: 4.939000 ms  DeleteObjects: 0.084500 ms)

========================================================================
Received Prepare
Registering precompiled user dll's ...
Registered in 0.005515 seconds.
Begin MonoManager ReloadAssembly
Native extension for WindowsStandalone target not found
Refreshing native plugins compatible for Editor in 0.79 ms, found 0 plugins.
Preloading 0 native plugins for Editor in 0.00 ms.
Invoked RoslynAnalysisRunner static constructor.
RoslynAnalysisRunner will not be running.
RoslynAnalysisRunner has terminated.
Mono: successfully reloaded assembly
- Completed reload, in  2.867 seconds
Platform modules already initialized, skipping
Refreshing native plugins compatible for Editor in 0.67 ms, found 0 plugins.
Preloading 0 native plugins for Editor in 0.00 ms.
Unloading 1549 Unused Serialized files (Serialized files now loaded: 0)
System memory in use before: 70.3 MB.
System memory in use after: 70.4 MB.

Unloading 25 unused Assets to reduce memory usage. Loaded Objects now: 2002.
Total: 4.730800 ms (FindLiveObjects: 0.543500 ms CreateObjectMapping: 0.200200 ms MarkObjects: 3.949300 ms  DeleteObjects: 0.035400 ms)

========================================================================
Received Prepare
Registering precompiled user dll's ...
Registered in 1.121216 seconds.
Begin MonoManager ReloadAssembly
Native extension for WindowsStandalone target not found
Refreshing native plugins compatible for Editor in 6.25 ms, found 0 plugins.
Preloading 0 native plugins for Editor in 0.00 ms.
Invoked RoslynAnalysisRunner static constructor.
RoslynAnalysisRunner will not be running.
RoslynAnalysisRunner has terminated.
Mono: successfully reloaded assembly
- Completed reload, in 11.336 seconds
Platform modules already initialized, skipping
Refreshing native plugins compatible for Editor in 1.54 ms, found 0 plugins.
Preloading 0 native plugins for Editor in 0.00 ms.
Unloading 1549 Unused Serialized files (Serialized files now loaded: 0)
System memory in use before: 70.5 MB.
System memory in use after: 70.6 MB.

Unloading 25 unused Assets to reduce memory usage. Loaded Objects now: 2004.
Total: 102.678200 ms (FindLiveObjects: 18.802000 ms CreateObjectMapping: 0.394400 ms MarkObjects: 82.287500 ms  DeleteObjects: 1.189000 ms)

========================================================================
Received Prepare
Registering precompiled user dll's ...
Registered in 0.022705 seconds.
Begin MonoManager ReloadAssembly
Native extension for WindowsStandalone target not found
Refreshing native plugins compatible for Editor in 1.32 ms, found 0 plugins.
Preloading 0 native plugins for Editor in 0.00 ms.
Invoked RoslynAnalysisRunner static constructor.
RoslynAnalysisRunner will not be running.
RoslynAnalysisRunner has terminated.
Mono: successfully reloaded assembly
- Completed reload, in  4.097 seconds
Platform modules already initialized, skipping
Refreshing native plugins compatible for Editor in 0.80 ms, found 0 plugins.
Preloading 0 native plugins for Editor in 0.00 ms.
Unloading 1549 Unused Serialized files (Serialized files now loaded: 0)
System memory in use before: 70.6 MB.
System memory in use after: 70.7 MB.

Unloading 25 unused Assets to reduce memory usage. Loaded Objects now: 2006.
Total: 19.938700 ms (FindLiveObjects: 2.660900 ms CreateObjectMapping: 0.159200 ms MarkObjects: 15.399000 ms  DeleteObjects: 1.716600 ms)

========================================================================
Received Prepare
Registering precompiled user dll's ...
Registered in 0.009372 seconds.
Begin MonoManager ReloadAssembly
Native extension for WindowsStandalone target not found
Refreshing native plugins compatible for Editor in 1.14 ms, found 0 plugins.
Preloading 0 native plugins for Editor in 0.00 ms.
Invoked RoslynAnalysisRunner static constructor.
RoslynAnalysisRunner will not be running.
RoslynAnalysisRunner has terminated.
Mono: successfully reloaded assembly
- Completed reload, in  3.936 seconds
Platform modules already initialized, skipping
Refreshing native plugins compatible for Editor in 1.21 ms, found 0 plugins.
Preloading 0 native plugins for Editor in 0.00 ms.
Unloading 1549 Unused Serialized files (Serialized files now loaded: 0)
System memory in use before: 70.8 MB.
System memory in use after: 70.9 MB.

Unloading 25 unused Assets to reduce memory usage. Loaded Objects now: 2008.
Total: 41.367400 ms (FindLiveObjects: 6.714200 ms CreateObjectMapping: 0.489600 ms MarkObjects: 33.233400 ms  DeleteObjects: 0.925700 ms)

========================================================================
Received Import Request.
  Time since last request: 86390.566609 seconds.
  path: Assets/Scripts/Event Mangager/EventTest.cs
  artifactKey: Guid(ed459911be478604aa3cb9d41a04df23) Importer(815301076,1909f56bfc062723c751e8b465ee728b)
Start importing Assets/Scripts/Event Mangager/EventTest.cs using Guid(ed459911be478604aa3cb9d41a04df23) Importer(815301076,1909f56bfc062723c751e8b465ee728b)  -> (artifact id: '2398498bec41e958f20648067fa06080') in 0.285734 seconds
  Import took 0.390323 seconds .

========================================================================
Received Prepare
Registering precompiled user dll's ...
Registered in 0.008053 seconds.
Begin MonoManager ReloadAssembly
Native extension for WindowsStandalone target not found
Refreshing native plugins compatible for Editor in 1.11 ms, found 0 plugins.
Preloading 0 native plugins for Editor in 0.00 ms.
Invoked RoslynAnalysisRunner static constructor.
RoslynAnalysisRunner will not be running.
RoslynAnalysisRunner has terminated.
Mono: successfully reloaded assembly
- Completed reload, in  1.641 seconds
Platform modules already initialized, skipping
Refreshing native plugins compatible for Editor in 0.57 ms, found 0 plugins.
Preloading 0 native plugins for Editor in 0.00 ms.
Unloading 1549 Unused Serialized files (Serialized files now loaded: 0)
System memory in use before: 70.9 MB.
System memory in use after: 71.0 MB.

Unloading 25 unused Assets to reduce memory usage. Loaded Objects now: 2010.
Total: 4.140300 ms (FindLiveObjects: 0.330900 ms CreateObjectMapping: 0.167600 ms MarkObjects: 3.595600 ms  DeleteObjects: 0.044000 ms)

========================================================================
Received Import Request.
  Time since last request: 16.495802 seconds.
  path: Assets/Scripts/Event Mangager/EventTriggerTest.cs
  artifactKey: Guid(ae74d75ac4d4c9845bac172a3fcc3958) Importer(815301076,1909f56bfc062723c751e8b465ee728b)
Start importing Assets/Scripts/Event Mangager/EventTriggerTest.cs using Guid(ae74d75ac4d4c9845bac172a3fcc3958) Importer(815301076,1909f56bfc062723c751e8b465ee728b)  -> (artifact id: '5e58f9346b31a4aefe7fc5a6aabc507d') in 0.032147 seconds
  Import took 0.038906 seconds .

========================================================================
Received Prepare
Registering precompiled user dll's ...
Registered in 0.007270 seconds.
Begin MonoManager ReloadAssembly
Native extension for WindowsStandalone target not found
Refreshing native plugins compatible for Editor in 0.59 ms, found 0 plugins.
Preloading 0 native plugins for Editor in 0.00 ms.
Invoked RoslynAnalysisRunner static constructor.
RoslynAnalysisRunner will not be running.
RoslynAnalysisRunner has terminated.
Mono: successfully reloaded assembly
- Completed reload, in  1.281 seconds
Platform modules already initialized, skipping
Refreshing native plugins compatible for Editor in 0.54 ms, found 0 plugins.
Preloading 0 native plugins for Editor in 0.00 ms.
Unloading 1549 Unused Serialized files (Serialized files now loaded: 0)
System memory in use before: 71.0 MB.
System memory in use after: 71.1 MB.

Unloading 25 unused Assets to reduce memory usage. Loaded Objects now: 2012.
Total: 9.753100 ms (FindLiveObjects: 0.415200 ms CreateObjectMapping: 0.158000 ms MarkObjects: 9.106100 ms  DeleteObjects: 0.070500 ms)

========================================================================
Received Prepare
Registering precompiled user dll's ...
Registered in 0.008336 seconds.
Begin MonoManager ReloadAssembly
Native extension for WindowsStandalone target not found
Refreshing native plugins compatible for Editor in 0.58 ms, found 0 plugins.
Preloading 0 native plugins for Editor in 0.00 ms.
Invoked RoslynAnalysisRunner static constructor.
RoslynAnalysisRunner will not be running.
RoslynAnalysisRunner has terminated.
Mono: successfully reloaded assembly
- Completed reload, in  1.670 seconds
Platform modules already initialized, skipping
Refreshing native plugins compatible for Editor in 0.53 ms, found 0 plugins.
Preloading 0 native plugins for Editor in 0.00 ms.
Unloading 1549 Unused Serialized files (Serialized files now loaded: 0)
System memory in use before: 71.1 MB.
System memory in use after: 71.2 MB.

Unloading 25 unused Assets to reduce memory usage. Loaded Objects now: 2014.
Total: 4.617900 ms (FindLiveObjects: 0.424800 ms CreateObjectMapping: 0.185900 ms MarkObjects: 3.934100 ms  DeleteObjects: 0.052300 ms)

========================================================================
Received Import Request.
  Time since last request: 138.995624 seconds.
  path: ProjectSettings/TagManager.asset
  artifactKey: Guid(00000000000000003000000000000000) Importer(815301076,1909f56bfc062723c751e8b465ee728b)
Start importing ProjectSettings/TagManager.asset using Guid(00000000000000003000000000000000) Importer(815301076,1909f56bfc062723c751e8b465ee728b)  -> (artifact id: '1efec719c81060231ab49e0da4b313b9') in 0.096340 seconds
  Import took 0.104251 seconds .

========================================================================
Received Import Request.
  Time since last request: 145.996349 seconds.
  path: Assets/Scripts/Event Mangager/EventTriggerTest.cs
  artifactKey: Guid(ae74d75ac4d4c9845bac172a3fcc3958) Importer(815301076,1909f56bfc062723c751e8b465ee728b)
Start importing Assets/Scripts/Event Mangager/EventTriggerTest.cs using Guid(ae74d75ac4d4c9845bac172a3fcc3958) Importer(815301076,1909f56bfc062723c751e8b465ee728b)  -> (artifact id: '998348962fd21ae042c9356967e844c2') in 0.135947 seconds
  Import took 0.301442 seconds .

========================================================================
Received Import Request.
  Time since last request: 22.744946 seconds.
  path: Assets/Scripts/Halpern Code/Character.cs
  artifactKey: Guid(fe223840124e79c4aa5db4cef2acd246) Importer(815301076,1909f56bfc062723c751e8b465ee728b)
Start importing Assets/Scripts/Halpern Code/Character.cs using Guid(fe223840124e79c4aa5db4cef2acd246) Importer(815301076,1909f56bfc062723c751e8b465ee728b)  -> (artifact id: '9c9ad9cc8d39d9411e90413f2c8c33e7') in 0.170676 seconds
  Import took 0.177800 seconds .

========================================================================
Received Import Request.
  Time since last request: 1.970355 seconds.
  path: Assets/Scripts/Halpern Code/Player.cs
  artifactKey: Guid(50593aee087e36545a70dc9395089e36) Importer(815301076,1909f56bfc062723c751e8b465ee728b)
Start importing Assets/Scripts/Halpern Code/Player.cs using Guid(50593aee087e36545a70dc9395089e36) Importer(815301076,1909f56bfc062723c751e8b465ee728b)  -> (artifact id: 'aba420178c43cf4ec6a788c240b34a60') in 0.037336 seconds
  Import took 0.042856 seconds .

========================================================================
Received Prepare
Registering precompiled user dll's ...
Registered in 0.008690 seconds.
Begin MonoManager ReloadAssembly
Native extension for WindowsStandalone target not found
Refreshing native plugins compatible for Editor in 0.60 ms, found 0 plugins.
Preloading 0 native plugins for Editor in 0.00 ms.
Invoked RoslynAnalysisRunner static constructor.
RoslynAnalysisRunner will not be running.
RoslynAnalysisRunner has terminated.
Mono: successfully reloaded assembly
- Completed reload, in  2.202 seconds
Platform modules already initialized, skipping
Refreshing native plugins compatible for Editor in 0.57 ms, found 0 plugins.
Preloading 0 native plugins for Editor in 0.00 ms.
Unloading 1549 Unused Serialized files (Serialized files now loaded: 0)
System memory in use before: 71.2 MB.
System memory in use after: 71.4 MB.

Unloading 26 unused Assets to reduce memory usage. Loaded Objects now: 2016.
Total: 9.689300 ms (FindLiveObjects: 0.534000 ms CreateObjectMapping: 0.213800 ms MarkObjects: 8.869300 ms  DeleteObjects: 0.068600 ms)

========================================================================
Received Prepare
Registering precompiled user dll's ...
Registered in 0.008013 seconds.
Begin MonoManager ReloadAssembly
Native extension for WindowsStandalone target not found
Refreshing native plugins compatible for Editor in 0.81 ms, found 0 plugins.
Preloading 0 native plugins for Editor in 0.00 ms.
Invoked RoslynAnalysisRunner static constructor.
RoslynAnalysisRunner will not be running.
RoslynAnalysisRunner has terminated.
Mono: successfully reloaded assembly
- Completed reload, in  2.709 seconds
Platform modules already initialized, skipping
Refreshing native plugins compatible for Editor in 0.89 ms, found 0 plugins.
Preloading 0 native plugins for Editor in 0.00 ms.
Unloading 1549 Unused Serialized files (Serialized files now loaded: 0)
System memory in use before: 71.4 MB.
System memory in use after: 71.5 MB.

Unloading 25 unused Assets to reduce memory usage. Loaded Objects now: 2018.
Total: 5.067800 ms (FindLiveObjects: 0.315100 ms CreateObjectMapping: 0.104100 ms MarkObjects: 4.380200 ms  DeleteObjects: 0.265700 ms)

========================================================================
Received Prepare
Registering precompiled user dll's ...
Registered in 0.007461 seconds.
Begin MonoManager ReloadAssembly
Native extension for WindowsStandalone target not found
Refreshing native plugins compatible for Editor in 0.71 ms, found 0 plugins.
Preloading 0 native plugins for Editor in 0.00 ms.
Invoked RoslynAnalysisRunner static constructor.
RoslynAnalysisRunner will not be running.
RoslynAnalysisRunner has terminated.
Mono: successfully reloaded assembly
- Completed reload, in  2.432 seconds
Platform modules already initialized, skipping
Refreshing native plugins compatible for Editor in 0.70 ms, found 0 plugins.
Preloading 0 native plugins for Editor in 0.00 ms.
Unloading 1549 Unused Serialized files (Serialized files now loaded: 0)
System memory in use before: 71.5 MB.
System memory in use after: 71.6 MB.

Unloading 25 unused Assets to reduce memory usage. Loaded Objects now: 2020.
Total: 5.094200 ms (FindLiveObjects: 0.387300 ms CreateObjectMapping: 0.192700 ms MarkObjects: 4.380100 ms  DeleteObjects: 0.130900 ms)

========================================================================
Received Prepare
Registering precompiled user dll's ...
Registered in 0.008677 seconds.
Begin MonoManager ReloadAssembly
Native extension for WindowsStandalone target not found
Refreshing native plugins compatible for Editor in 0.61 ms, found 0 plugins.
Preloading 0 native plugins for Editor in 0.00 ms.
Invoked RoslynAnalysisRunner static constructor.
RoslynAnalysisRunner will not be running.
RoslynAnalysisRunner has terminated.
Mono: successfully reloaded assembly
- Completed reload, in  2.097 seconds
Platform modules already initialized, skipping
Refreshing native plugins compatible for Editor in 0.71 ms, found 0 plugins.
Preloading 0 native plugins for Editor in 0.00 ms.
Unloading 1549 Unused Serialized files (Serialized files now loaded: 0)
System memory in use before: 70.6 MB.
System memory in use after: 70.7 MB.

Unloading 25 unused Assets to reduce memory usage. Loaded Objects now: 2022.
Total: 5.739800 ms (FindLiveObjects: 0.427300 ms CreateObjectMapping: 0.149200 ms MarkObjects: 5.043600 ms  DeleteObjects: 0.116200 ms)

========================================================================
Received Import Request.
  Time since last request: 323.791762 seconds.
  path: Assets/Scripts/Event Mangager/EventTriggerTest.cs
  artifactKey: Guid(ae74d75ac4d4c9845bac172a3fcc3958) Importer(815301076,1909f56bfc062723c751e8b465ee728b)
Start importing Assets/Scripts/Event Mangager/EventTriggerTest.cs using Guid(ae74d75ac4d4c9845bac172a3fcc3958) Importer(815301076,1909f56bfc062723c751e8b465ee728b)  -> (artifact id: 'e0ce6d86ee1bfead0410625fdf6e3b3c') in 0.017073 seconds
  Import took 0.025698 seconds .

========================================================================
Received Import Request.
  Time since last request: 0.028654 seconds.
  path: Assets/Scripts/Event Mangager/EventTriggerTest.cs
  artifactKey: Guid(ae74d75ac4d4c9845bac172a3fcc3958) Importer(815301076,1909f56bfc062723c751e8b465ee728b)
Start importing Assets/Scripts/Event Mangager/EventTriggerTest.cs using Guid(ae74d75ac4d4c9845bac172a3fcc3958) Importer(815301076,1909f56bfc062723c751e8b465ee728b)  -> (artifact id: 'e0ce6d86ee1bfead0410625fdf6e3b3c') in 0.007970 seconds
  Import took 0.014461 seconds .

========================================================================
Received Prepare
Registering precompiled user dll's ...
Registered in 0.003058 seconds.
Begin MonoManager ReloadAssembly
Native extension for WindowsStandalone target not found
Refreshing native plugins compatible for Editor in 1.05 ms, found 0 plugins.
Preloading 0 native plugins for Editor in 0.00 ms.
Invoked RoslynAnalysisRunner static constructor.
RoslynAnalysisRunner will not be running.
RoslynAnalysisRunner has terminated.
Mono: successfully reloaded assembly
- Completed reload, in  2.772 seconds
Platform modules already initialized, skipping
Refreshing native plugins compatible for Editor in 0.71 ms, found 0 plugins.
Preloading 0 native plugins for Editor in 0.00 ms.
Unloading 1549 Unused Serialized files (Serialized files now loaded: 0)
System memory in use before: 70.7 MB.
System memory in use after: 70.8 MB.

Unloading 25 unused Assets to reduce memory usage. Loaded Objects now: 2024.
Total: 5.406600 ms (FindLiveObjects: 0.396400 ms CreateObjectMapping: 0.158300 ms MarkObjects: 4.544100 ms  DeleteObjects: 0.304900 ms)

========================================================================
Received Prepare
Registering precompiled user dll's ...
Registered in 0.012088 seconds.
Begin MonoManager ReloadAssembly
Native extension for WindowsStandalone target not found
Refreshing native plugins compatible for Editor in 6.32 ms, found 0 plugins.
Preloading 0 native plugins for Editor in 0.00 ms.
Invoked RoslynAnalysisRunner static constructor.
RoslynAnalysisRunner will not be running.
RoslynAnalysisRunner has terminated.
Mono: successfully reloaded assembly
- Completed reload, in  5.533 seconds
Platform modules already initialized, skipping
Refreshing native plugins compatible for Editor in 1.35 ms, found 0 plugins.
Preloading 0 native plugins for Editor in 0.00 ms.
Unloading 1549 Unused Serialized files (Serialized files now loaded: 0)
System memory in use before: 70.9 MB.
System memory in use after: 71.0 MB.

Unloading 25 unused Assets to reduce memory usage. Loaded Objects now: 2026.
Total: 26.718100 ms (FindLiveObjects: 2.585900 ms CreateObjectMapping: 0.377900 ms MarkObjects: 23.320200 ms  DeleteObjects: 0.429300 ms)

========================================================================
Received Prepare
Registering precompiled user dll's ...
Registered in 0.021721 seconds.
Begin MonoManager ReloadAssembly
Native extension for WindowsStandalone target not found
Refreshing native plugins compatible for Editor in 12.37 ms, found 0 plugins.
Preloading 0 native plugins for Editor in 0.00 ms.
Invoked RoslynAnalysisRunner static constructor.
RoslynAnalysisRunner will not be running.
RoslynAnalysisRunner has terminated.
Mono: successfully reloaded assembly
- Completed reload, in  8.389 seconds
Platform modules already initialized, skipping
Refreshing native plugins compatible for Editor in 0.89 ms, found 0 plugins.
Preloading 0 native plugins for Editor in 0.00 ms.
Unloading 1549 Unused Serialized files (Serialized files now loaded: 0)
System memory in use before: 71.0 MB.
System memory in use after: 71.1 MB.

Unloading 25 unused Assets to reduce memory usage. Loaded Objects now: 2028.
Total: 55.443100 ms (FindLiveObjects: 5.085400 ms CreateObjectMapping: 0.634000 ms MarkObjects: 49.191000 ms  DeleteObjects: 0.528300 ms)

========================================================================
Received Prepare
Registering precompiled user dll's ...
Registered in 0.021167 seconds.
Begin MonoManager ReloadAssembly
Native extension for WindowsStandalone target not found
Refreshing native plugins compatible for Editor in 1.90 ms, found 0 plugins.
Preloading 0 native plugins for Editor in 0.00 ms.
Invoked RoslynAnalysisRunner static constructor.
RoslynAnalysisRunner will not be running.
RoslynAnalysisRunner has terminated.
Mono: successfully reloaded assembly
- Completed reload, in  8.423 seconds
Platform modules already initialized, skipping
Refreshing native plugins compatible for Editor in 1.17 ms, found 0 plugins.
Preloading 0 native plugins for Editor in 0.00 ms.
Unloading 1549 Unused Serialized files (Serialized files now loaded: 0)
System memory in use before: 71.1 MB.
System memory in use after: 71.2 MB.

Unloading 25 unused Assets to reduce memory usage. Loaded Objects now: 2030.
Total: 6.675200 ms (FindLiveObjects: 0.322100 ms CreateObjectMapping: 0.149100 ms MarkObjects: 5.359800 ms  DeleteObjects: 0.841400 ms)

========================================================================
Received Import Request.
  Time since last request: 3922.968265 seconds.
  path: ProjectSettings/TagManager.asset
  artifactKey: Guid(00000000000000003000000000000000) Importer(815301076,1909f56bfc062723c751e8b465ee728b)
Start importing ProjectSettings/TagManager.asset using Guid(00000000000000003000000000000000) Importer(815301076,1909f56bfc062723c751e8b465ee728b)  -> (artifact id: '65b407dda43c06d8dd36b587f825f6d5') in 0.732456 seconds
  Import took 1.071508 seconds .

========================================================================
Received Prepare
Registering precompiled user dll's ...
Registered in 0.024126 seconds.
Begin MonoManager ReloadAssembly
Native extension for WindowsStandalone target not found
Refreshing native plugins compatible for Editor in 1.55 ms, found 0 plugins.
Preloading 0 native plugins for Editor in 0.00 ms.
Invoked RoslynAnalysisRunner static constructor.
RoslynAnalysisRunner will not be running.
RoslynAnalysisRunner has terminated.
Mono: successfully reloaded assembly
- Completed reload, in  5.375 seconds
Platform modules already initialized, skipping
Refreshing native plugins compatible for Editor in 1.46 ms, found 0 plugins.
Preloading 0 native plugins for Editor in 0.00 ms.
Unloading 1549 Unused Serialized files (Serialized files now loaded: 0)
System memory in use before: 71.2 MB.
System memory in use after: 71.3 MB.

Unloading 26 unused Assets to reduce memory usage. Loaded Objects now: 2032.
Total: 15.843800 ms (FindLiveObjects: 1.514200 ms CreateObjectMapping: 0.265000 ms MarkObjects: 13.997400 ms  DeleteObjects: 0.062600 ms)

AssetImportWorkerClient::OnTransportError - code=2 error=End of file
