Using pre-set license
Built from '2020.2/release' branch; Version is '2020.2.2f1 (068178b99f32) revision 426360'; Using compiler version '192528614'; Build Type 'Release'
OS: 'Windows 10 Home; OS build 19041.928; Version 2004; 64bit' Language: 'en' Physical Memory: 15789 MB
BatchMode: 1, IsHumanControllingUs: 0, StartBugReporterOnCrash: 0, Is64bit: 1, IsPro: 0

 COMMAND LINE ARGUMENTS:
C:\Program Files\Unity\Hub\Editor\2020.2.2f1\Editor\Unity.exe
-adb2
-batchMode
-noUpm
-name
AssetImportWorker0
-projectPath
C:/Users/mvdav/Documents/Davidson College/Courses/Game Design/Light-project/Light game
-logFile
Logs/AssetImportWorker0.log
-srvPort
52442
Successfully changed project path to: C:/Users/mvdav/Documents/Davidson College/Courses/Game Design/Light-project/Light game
C:/Users/mvdav/Documents/Davidson College/Courses/Game Design/Light-project/Light game
Using Asset Import Pipeline V2.
Refreshing native plugins compatible for Editor in 59.32 ms, found 0 plugins.
Preloading 0 native plugins for Editor in 0.00 ms.
Initialize engine version: 2020.2.2f1 (068178b99f32)
[Subsystems] Discovering subsystems at path C:/Program Files/Unity/Hub/Editor/2020.2.2f1/Editor/Data/Resources/UnitySubsystems
[Subsystems] Discovering subsystems at path C:/Users/mvdav/Documents/Davidson College/Courses/Game Design/Light-project/Light game/Assets
GfxDevice: creating device client; threaded=0
Direct3D:
    Version:  Direct3D 11.0 [level 11.1]
    Renderer: NVIDIA GeForce RTX 2060 with Max-Q Design (ID=0x1f12)
    Vendor:   
    VRAM:     5980 MB
    Driver:   27.21.14.5763
Initialize mono
Mono path[0] = 'C:/Program Files/Unity/Hub/Editor/2020.2.2f1/Editor/Data/Managed'
Mono path[1] = 'C:/Program Files/Unity/Hub/Editor/2020.2.2f1/Editor/Data/MonoBleedingEdge/lib/mono/unityjit'
Mono config path = 'C:/Program Files/Unity/Hub/Editor/2020.2.2f1/Editor/Data/MonoBleedingEdge/etc'
Using monoOptions --debugger-agent=transport=dt_socket,embedding=1,server=y,suspend=n,address=127.0.0.1:56264
Begin MonoManager ReloadAssembly
Registering precompiled unity dll's ...
Register platform support module: C:/Program Files/Unity/Hub/Editor/2020.2.2f1/Editor/Data/PlaybackEngines/WindowsStandaloneSupport/UnityEditor.WindowsStandalone.Extensions.dll
Registered in 0.001561 seconds.
Native extension for WindowsStandalone target not found
Refreshing native plugins compatible for Editor in 52.59 ms, found 0 plugins.
Preloading 0 native plugins for Editor in 0.00 ms.
Invoked RoslynAnalysisRunner static constructor.
RoslynAnalysisRunner will not be running.
RoslynAnalysisRunner has terminated.
Mono: successfully reloaded assembly
- Completed reload, in  0.933 seconds
Platform modules already initialized, skipping
Registering precompiled user dll's ...
Registered in 0.002195 seconds.
Begin MonoManager ReloadAssembly
Native extension for WindowsStandalone target not found
Refreshing native plugins compatible for Editor in 0.69 ms, found 0 plugins.
Preloading 0 native plugins for Editor in 0.00 ms.
Invoked RoslynAnalysisRunner static constructor.
RoslynAnalysisRunner will not be running.
RoslynAnalysisRunner has terminated.
Mono: successfully reloaded assembly
- Completed reload, in  0.784 seconds
Platform modules already initialized, skipping
========================================================================
Worker process is ready to serve import requests
Launched and connected shader compiler UnityShaderCompiler.exe after 0.23 seconds
Refreshing native plugins compatible for Editor in 0.72 ms, found 0 plugins.
Preloading 0 native plugins for Editor in 0.00 ms.
Unloading 1566 Unused Serialized files (Serialized files now loaded: 0)
System memory in use before: 74.7 MB.
System memory in use after: 74.8 MB.

Unloading 34 unused Assets to reduce memory usage. Loaded Objects now: 1997.
Total: 2.191600 ms (FindLiveObjects: 0.265000 ms CreateObjectMapping: 0.075700 ms MarkObjects: 1.769600 ms  DeleteObjects: 0.079600 ms)

========================================================================
Received Import Request.
  path: Assets/Sprites/Characters 1/Adventurer Female Sprite Sheet.png
  artifactKey: Guid(b17c38afd3dcbee49bc31ac236703caa) Importer(815301076,1909f56bfc062723c751e8b465ee728b)
Start importing Assets/Sprites/Characters 1/Adventurer Female Sprite Sheet.png using Guid(b17c38afd3dcbee49bc31ac236703caa) Importer(815301076,1909f56bfc062723c751e8b465ee728b)  -> (artifact id: 'ef1b3c5d1906db3ad183721664738757') in 0.143669 seconds
  Import took 0.147175 seconds .

========================================================================
Received Prepare
Registering precompiled user dll's ...
Registered in 0.002049 seconds.
Begin MonoManager ReloadAssembly
Native extension for WindowsStandalone target not found
Refreshing native plugins compatible for Editor in 0.74 ms, found 0 plugins.
Preloading 0 native plugins for Editor in 0.00 ms.
Invoked RoslynAnalysisRunner static constructor.
RoslynAnalysisRunner will not be running.
RoslynAnalysisRunner has terminated.
Mono: successfully reloaded assembly
- Completed reload, in  0.724 seconds
Platform modules already initialized, skipping
Refreshing native plugins compatible for Editor in 0.79 ms, found 0 plugins.
Preloading 0 native plugins for Editor in 0.00 ms.
Unloading 1559 Unused Serialized files (Serialized files now loaded: 0)
System memory in use before: 77.8 MB.
System memory in use after: 77.9 MB.

Unloading 25 unused Assets to reduce memory usage. Loaded Objects now: 2047.
Total: 2.406700 ms (FindLiveObjects: 0.298300 ms CreateObjectMapping: 0.066200 ms MarkObjects: 2.014900 ms  DeleteObjects: 0.025900 ms)

========================================================================
Received Import Request.
  Time since last request: 1240.253892 seconds.
  path: Assets/Sprites/Characters 1/Luna.controller
  artifactKey: Guid(f1b0acf85608ddf4fbf9f5162fb008a8) Importer(815301076,1909f56bfc062723c751e8b465ee728b)
Start importing Assets/Sprites/Characters 1/Luna.controller using Guid(f1b0acf85608ddf4fbf9f5162fb008a8) Importer(815301076,1909f56bfc062723c751e8b465ee728b)  -> (artifact id: '952c1008af62b6c0e22138dc204b9063') in 0.023129 seconds
  Import took 0.027360 seconds .

========================================================================
Received Import Request.
  Time since last request: 50.503256 seconds.
  path: Assets/Scripts
  artifactKey: Guid(528dc1e0d5b39bb47a50175384b9e7a8) Importer(815301076,1909f56bfc062723c751e8b465ee728b)
Start importing Assets/Scripts using Guid(528dc1e0d5b39bb47a50175384b9e7a8) Importer(815301076,1909f56bfc062723c751e8b465ee728b)  -> (artifact id: '8823210ecd1c732a303d3f6b3cfdde59') in 0.006715 seconds
  Import took 0.010367 seconds .

========================================================================
Received Import Request.
  Time since last request: 1.751755 seconds.
  path: Assets/Sprites/Characters 1
  artifactKey: Guid(6557f90737b73c544916f08d75be6b2f) Importer(815301076,1909f56bfc062723c751e8b465ee728b)
Start importing Assets/Sprites/Characters 1 using Guid(6557f90737b73c544916f08d75be6b2f) Importer(815301076,1909f56bfc062723c751e8b465ee728b)  -> (artifact id: '82ae43729fe6875be446660cb399c21b') in 0.006824 seconds
  Import took 0.010722 seconds .

========================================================================
Received Import Request.
  Time since last request: 0.000572 seconds.
  path: Assets/Sprites/Characters 1
  artifactKey: Guid(6557f90737b73c544916f08d75be6b2f) Importer(815301076,1909f56bfc062723c751e8b465ee728b)
Start importing Assets/Sprites/Characters 1 using Guid(6557f90737b73c544916f08d75be6b2f) Importer(815301076,1909f56bfc062723c751e8b465ee728b)  -> (artifact id: '82ae43729fe6875be446660cb399c21b') in 0.002490 seconds
  Import took 0.005292 seconds .

========================================================================
Received Import Request.
  Time since last request: 34.505294 seconds.
  path: Assets/Sprites/Characters 1/luna_idle_animation.anim
  artifactKey: Guid(ae0aeb35cd9dfe048baad66f5de09de5) Importer(815301076,1909f56bfc062723c751e8b465ee728b)
Start importing Assets/Sprites/Characters 1/luna_idle_animation.anim using Guid(ae0aeb35cd9dfe048baad66f5de09de5) Importer(815301076,1909f56bfc062723c751e8b465ee728b)  -> (artifact id: '1ff400943b05b25c4ce462e4437ed2f8') in 0.008770 seconds
  Import took 0.011470 seconds .

========================================================================
Received Prepare
Registering precompiled user dll's ...
Registered in 0.002342 seconds.
Begin MonoManager ReloadAssembly
Native extension for WindowsStandalone target not found
Refreshing native plugins compatible for Editor in 0.71 ms, found 0 plugins.
Preloading 0 native plugins for Editor in 0.00 ms.
Invoked RoslynAnalysisRunner static constructor.
RoslynAnalysisRunner will not be running.
RoslynAnalysisRunner has terminated.
Mono: successfully reloaded assembly
- Completed reload, in  0.701 seconds
Platform modules already initialized, skipping
Refreshing native plugins compatible for Editor in 0.65 ms, found 0 plugins.
Preloading 0 native plugins for Editor in 0.00 ms.
Unloading 1558 Unused Serialized files (Serialized files now loaded: 0)
System memory in use before: 78.0 MB.
System memory in use after: 78.1 MB.

Unloading 25 unused Assets to reduce memory usage. Loaded Objects now: 2049.
Total: 2.238300 ms (FindLiveObjects: 0.187000 ms CreateObjectMapping: 0.032100 ms MarkObjects: 1.995600 ms  DeleteObjects: 0.022400 ms)

========================================================================
Received Prepare
Registering precompiled user dll's ...
Registered in 0.001976 seconds.
Begin MonoManager ReloadAssembly
Native extension for WindowsStandalone target not found
Refreshing native plugins compatible for Editor in 0.69 ms, found 0 plugins.
Preloading 0 native plugins for Editor in 0.00 ms.
Invoked RoslynAnalysisRunner static constructor.
RoslynAnalysisRunner will not be running.
RoslynAnalysisRunner has terminated.
Mono: successfully reloaded assembly
- Completed reload, in  0.686 seconds
Platform modules already initialized, skipping
Refreshing native plugins compatible for Editor in 0.72 ms, found 0 plugins.
Preloading 0 native plugins for Editor in 0.00 ms.
Unloading 1558 Unused Serialized files (Serialized files now loaded: 0)
System memory in use before: 78.1 MB.
System memory in use after: 78.3 MB.

Unloading 25 unused Assets to reduce memory usage. Loaded Objects now: 2051.
Total: 2.068200 ms (FindLiveObjects: 0.241800 ms CreateObjectMapping: 0.071500 ms MarkObjects: 1.731900 ms  DeleteObjects: 0.021000 ms)

========================================================================
Received Prepare
Registering precompiled user dll's ...
Registered in 0.002939 seconds.
Begin MonoManager ReloadAssembly
Native extension for WindowsStandalone target not found
Refreshing native plugins compatible for Editor in 0.69 ms, found 0 plugins.
Preloading 0 native plugins for Editor in 0.00 ms.
Invoked RoslynAnalysisRunner static constructor.
RoslynAnalysisRunner will not be running.
RoslynAnalysisRunner has terminated.
Mono: successfully reloaded assembly
- Completed reload, in  0.729 seconds
Platform modules already initialized, skipping
Refreshing native plugins compatible for Editor in 0.67 ms, found 0 plugins.
Preloading 0 native plugins for Editor in 0.00 ms.
Unloading 1558 Unused Serialized files (Serialized files now loaded: 0)
System memory in use before: 78.3 MB.
System memory in use after: 78.4 MB.

Unloading 25 unused Assets to reduce memory usage. Loaded Objects now: 2053.
Total: 1.683500 ms (FindLiveObjects: 0.181900 ms CreateObjectMapping: 0.035200 ms MarkObjects: 1.440800 ms  DeleteObjects: 0.024400 ms)

========================================================================
Received Prepare
Registering precompiled user dll's ...
Registered in 0.002817 seconds.
Begin MonoManager ReloadAssembly
Native extension for WindowsStandalone target not found
Refreshing native plugins compatible for Editor in 0.75 ms, found 0 plugins.
Preloading 0 native plugins for Editor in 0.00 ms.
Invoked RoslynAnalysisRunner static constructor.
RoslynAnalysisRunner will not be running.
RoslynAnalysisRunner has terminated.
Mono: successfully reloaded assembly
- Completed reload, in  0.710 seconds
Platform modules already initialized, skipping
Refreshing native plugins compatible for Editor in 0.67 ms, found 0 plugins.
Preloading 0 native plugins for Editor in 0.00 ms.
Unloading 1558 Unused Serialized files (Serialized files now loaded: 0)
System memory in use before: 78.5 MB.
System memory in use after: 78.6 MB.

Unloading 25 unused Assets to reduce memory usage. Loaded Objects now: 2055.
Total: 2.305700 ms (FindLiveObjects: 0.205900 ms CreateObjectMapping: 0.046400 ms MarkObjects: 2.019600 ms  DeleteObjects: 0.032700 ms)

========================================================================
Received Prepare
Registering precompiled user dll's ...
Registered in 0.001906 seconds.
Begin MonoManager ReloadAssembly
Native extension for WindowsStandalone target not found
Refreshing native plugins compatible for Editor in 0.68 ms, found 0 plugins.
Preloading 0 native plugins for Editor in 0.00 ms.
Invoked RoslynAnalysisRunner static constructor.
RoslynAnalysisRunner will not be running.
RoslynAnalysisRunner has terminated.
Mono: successfully reloaded assembly
- Completed reload, in  0.695 seconds
Platform modules already initialized, skipping
Refreshing native plugins compatible for Editor in 0.69 ms, found 0 plugins.
Preloading 0 native plugins for Editor in 0.00 ms.
Unloading 1558 Unused Serialized files (Serialized files now loaded: 0)
System memory in use before: 78.6 MB.
System memory in use after: 78.7 MB.

Unloading 25 unused Assets to reduce memory usage. Loaded Objects now: 2057.
Total: 1.945200 ms (FindLiveObjects: 0.229000 ms CreateObjectMapping: 0.064900 ms MarkObjects: 1.628400 ms  DeleteObjects: 0.021600 ms)

========================================================================
Received Prepare
Registering precompiled user dll's ...
Registered in 0.002108 seconds.
Begin MonoManager ReloadAssembly
Native extension for WindowsStandalone target not found
Refreshing native plugins compatible for Editor in 0.65 ms, found 0 plugins.
Preloading 0 native plugins for Editor in 0.00 ms.
Invoked RoslynAnalysisRunner static constructor.
RoslynAnalysisRunner will not be running.
RoslynAnalysisRunner has terminated.
Mono: successfully reloaded assembly
- Completed reload, in  0.683 seconds
Platform modules already initialized, skipping
Refreshing native plugins compatible for Editor in 0.66 ms, found 0 plugins.
Preloading 0 native plugins for Editor in 0.00 ms.
Unloading 1558 Unused Serialized files (Serialized files now loaded: 0)
System memory in use before: 78.8 MB.
System memory in use after: 78.9 MB.

Unloading 25 unused Assets to reduce memory usage. Loaded Objects now: 2059.
Total: 1.688700 ms (FindLiveObjects: 0.301200 ms CreateObjectMapping: 0.033800 ms MarkObjects: 1.332200 ms  DeleteObjects: 0.020100 ms)

========================================================================
Received Prepare
Registering precompiled user dll's ...
Registered in 0.001896 seconds.
Begin MonoManager ReloadAssembly
Native extension for WindowsStandalone target not found
Refreshing native plugins compatible for Editor in 0.67 ms, found 0 plugins.
Preloading 0 native plugins for Editor in 0.00 ms.
Invoked RoslynAnalysisRunner static constructor.
RoslynAnalysisRunner will not be running.
RoslynAnalysisRunner has terminated.
Mono: successfully reloaded assembly
- Completed reload, in  0.708 seconds
Platform modules already initialized, skipping
Refreshing native plugins compatible for Editor in 0.66 ms, found 0 plugins.
Preloading 0 native plugins for Editor in 0.00 ms.
Unloading 1558 Unused Serialized files (Serialized files now loaded: 0)
System memory in use before: 78.9 MB.
System memory in use after: 79.0 MB.

Unloading 25 unused Assets to reduce memory usage. Loaded Objects now: 2061.
Total: 2.204200 ms (FindLiveObjects: 0.261700 ms CreateObjectMapping: 0.067900 ms MarkObjects: 1.851000 ms  DeleteObjects: 0.022500 ms)

========================================================================
Received Prepare
Registering precompiled user dll's ...
Registered in 0.002427 seconds.
Begin MonoManager ReloadAssembly
Native extension for WindowsStandalone target not found
Refreshing native plugins compatible for Editor in 0.67 ms, found 0 plugins.
Preloading 0 native plugins for Editor in 0.00 ms.
Invoked RoslynAnalysisRunner static constructor.
RoslynAnalysisRunner will not be running.
RoslynAnalysisRunner has terminated.
Mono: successfully reloaded assembly
- Completed reload, in  0.731 seconds
Platform modules already initialized, skipping
Refreshing native plugins compatible for Editor in 0.67 ms, found 0 plugins.
Preloading 0 native plugins for Editor in 0.00 ms.
Unloading 1558 Unused Serialized files (Serialized files now loaded: 0)
System memory in use before: 79.1 MB.
System memory in use after: 79.2 MB.

Unloading 25 unused Assets to reduce memory usage. Loaded Objects now: 2063.
Total: 1.863000 ms (FindLiveObjects: 0.273100 ms CreateObjectMapping: 0.054300 ms MarkObjects: 1.511500 ms  DeleteObjects: 0.023100 ms)

========================================================================
Received Prepare
Registering precompiled user dll's ...
Registered in 0.002075 seconds.
Begin MonoManager ReloadAssembly
Native extension for WindowsStandalone target not found
Refreshing native plugins compatible for Editor in 1.17 ms, found 0 plugins.
Preloading 0 native plugins for Editor in 0.00 ms.
Invoked RoslynAnalysisRunner static constructor.
RoslynAnalysisRunner will not be running.
RoslynAnalysisRunner has terminated.
Mono: successfully reloaded assembly
- Completed reload, in  0.708 seconds
Platform modules already initialized, skipping
Refreshing native plugins compatible for Editor in 0.79 ms, found 0 plugins.
Preloading 0 native plugins for Editor in 0.00 ms.
Unloading 1558 Unused Serialized files (Serialized files now loaded: 0)
System memory in use before: 79.2 MB.
System memory in use after: 79.3 MB.

Unloading 25 unused Assets to reduce memory usage. Loaded Objects now: 2065.
Total: 2.287000 ms (FindLiveObjects: 0.196100 ms CreateObjectMapping: 0.036200 ms MarkObjects: 2.032600 ms  DeleteObjects: 0.021000 ms)

