Using pre-set license
Built from '2020.2/release' branch; Version is '2020.2.2f1 (068178b99f32) revision 426360'; Using compiler version '192528614'; Build Type 'Release'
OS: 'Windows 10 Home; OS build 19042.928; Version 2009; 64bit' Language: 'en' Physical Memory: 3975 MB
BatchMode: 1, IsHumanControllingUs: 0, StartBugReporterOnCrash: 0, Is64bit: 1, IsPro: 0

 COMMAND LINE ARGUMENTS:
C:\Program Files\Unity\Hub\Editor\2020.2.2f1\Editor\Unity.exe
-adb2
-batchMode
-noUpm
-name
AssetImportWorker6
-projectPath
C:/Users/18175/Documents/GitHub/Light-project/Light game
-logFile
Logs/AssetImportWorker6.log
-srvPort
53116
Successfully changed project path to: C:/Users/18175/Documents/GitHub/Light-project/Light game
C:/Users/18175/Documents/GitHub/Light-project/Light game
Using Asset Import Pipeline V2.
Refreshing native plugins compatible for Editor in 226.62 ms, found 0 plugins.
Preloading 0 native plugins for Editor in 0.00 ms.
Initialize engine version: 2020.2.2f1 (068178b99f32)
[Subsystems] Discovering subsystems at path C:/Program Files/Unity/Hub/Editor/2020.2.2f1/Editor/Data/Resources/UnitySubsystems
[Subsystems] Discovering subsystems at path C:/Users/18175/Documents/GitHub/Light-project/Light game/Assets
GfxDevice: creating device client; threaded=0
Direct3D:
    Version:  Direct3D 11.0 [level 11.1]
    Renderer: Intel(R) UHD Graphics 620 (ID=0x5917)
    Vendor:   
    VRAM:     1987 MB
    Driver:   27.20.100.8853
Initialize mono
Mono path[0] = 'C:/Program Files/Unity/Hub/Editor/2020.2.2f1/Editor/Data/Managed'
Mono path[1] = 'C:/Program Files/Unity/Hub/Editor/2020.2.2f1/Editor/Data/MonoBleedingEdge/lib/mono/unityjit'
Mono config path = 'C:/Program Files/Unity/Hub/Editor/2020.2.2f1/Editor/Data/MonoBleedingEdge/etc'
Using monoOptions --debugger-agent=transport=dt_socket,embedding=1,server=y,suspend=n,address=127.0.0.1:56692
Begin MonoManager ReloadAssembly
Registering precompiled unity dll's ...
Register platform support module: C:/Program Files/Unity/Hub/Editor/2020.2.2f1/Editor/Data/PlaybackEngines/WindowsStandaloneSupport/UnityEditor.WindowsStandalone.Extensions.dll
Registered in 0.012713 seconds.
Native extension for WindowsStandalone target not found
Refreshing native plugins compatible for Editor in 152.03 ms, found 0 plugins.
Preloading 0 native plugins for Editor in 0.00 ms.
Invoked RoslynAnalysisRunner static constructor.
RoslynAnalysisRunner will not be running.
RoslynAnalysisRunner has terminated.
Mono: successfully reloaded assembly
- Completed reload, in 11.469 seconds
Platform modules already initialized, skipping
Registering precompiled user dll's ...
Registered in 0.021454 seconds.
Begin MonoManager ReloadAssembly
Native extension for WindowsStandalone target not found
Refreshing native plugins compatible for Editor in 0.70 ms, found 0 plugins.
Preloading 0 native plugins for Editor in 0.00 ms.
Invoked RoslynAnalysisRunner static constructor.
RoslynAnalysisRunner will not be running.
RoslynAnalysisRunner has terminated.
Mono: successfully reloaded assembly
- Completed reload, in  3.200 seconds
Platform modules already initialized, skipping
========================================================================
Worker process is ready to serve import requests
Launched and connected shader compiler UnityShaderCompiler.exe after 0.37 seconds
Refreshing native plugins compatible for Editor in 0.77 ms, found 0 plugins.
Preloading 0 native plugins for Editor in 0.00 ms.
Unloading 1562 Unused Serialized files (Serialized files now loaded: 0)
System memory in use before: 69.7 MB.
System memory in use after: 69.8 MB.

Unloading 34 unused Assets to reduce memory usage. Loaded Objects now: 1992.
Total: 53.872100 ms (FindLiveObjects: 17.423900 ms CreateObjectMapping: 8.075200 ms MarkObjects: 26.814200 ms  DeleteObjects: 1.555700 ms)

========================================================================
Received Prepare
Registering precompiled user dll's ...
Registered in 0.005949 seconds.
Begin MonoManager ReloadAssembly
Native extension for WindowsStandalone target not found
Refreshing native plugins compatible for Editor in 0.61 ms, found 0 plugins.
Preloading 0 native plugins for Editor in 0.00 ms.
Invoked RoslynAnalysisRunner static constructor.
RoslynAnalysisRunner will not be running.
RoslynAnalysisRunner has terminated.
Mono: successfully reloaded assembly
- Completed reload, in  3.563 seconds
Platform modules already initialized, skipping
Refreshing native plugins compatible for Editor in 2.63 ms, found 0 plugins.
Preloading 0 native plugins for Editor in 0.00 ms.
Unloading 1556 Unused Serialized files (Serialized files now loaded: 0)
System memory in use before: 69.8 MB.
System memory in use after: 69.9 MB.

Unloading 25 unused Assets to reduce memory usage. Loaded Objects now: 1995.
Total: 18.392800 ms (FindLiveObjects: 1.931100 ms CreateObjectMapping: 0.233300 ms MarkObjects: 15.455200 ms  DeleteObjects: 0.770000 ms)

========================================================================
Received Import Request.
  path: Assets/Scripts/token.cs
  artifactKey: Guid(2a432c41380bd374eaa0b104b134d28d) Importer(815301076,1909f56bfc062723c751e8b465ee728b)
Start importing Assets/Scripts/token.cs using Guid(2a432c41380bd374eaa0b104b134d28d) Importer(815301076,1909f56bfc062723c751e8b465ee728b)  -> (artifact id: 'a7310813d5a3c0ef6e3443b56208519e') in 0.412284 seconds
  Import took 0.487263 seconds .

========================================================================
Received Prepare
Registering precompiled user dll's ...
Registered in 0.014902 seconds.
Begin MonoManager ReloadAssembly
Native extension for WindowsStandalone target not found
Refreshing native plugins compatible for Editor in 1.24 ms, found 0 plugins.
Preloading 0 native plugins for Editor in 0.00 ms.
Invoked RoslynAnalysisRunner static constructor.
RoslynAnalysisRunner will not be running.
RoslynAnalysisRunner has terminated.
Mono: successfully reloaded assembly
- Completed reload, in  3.806 seconds
Platform modules already initialized, skipping
Refreshing native plugins compatible for Editor in 1.07 ms, found 0 plugins.
Preloading 0 native plugins for Editor in 0.00 ms.
Unloading 1555 Unused Serialized files (Serialized files now loaded: 0)
System memory in use before: 69.9 MB.
System memory in use after: 70.0 MB.

Unloading 25 unused Assets to reduce memory usage. Loaded Objects now: 1997.
Total: 16.270900 ms (FindLiveObjects: 0.655600 ms CreateObjectMapping: 0.180200 ms MarkObjects: 15.009800 ms  DeleteObjects: 0.422100 ms)

========================================================================
Received Import Request.
  Time since last request: 159.496410 seconds.
  path: Assets/Scripts/Halpern Code/Enemy.cs
  artifactKey: Guid(33cade9d39b32f047893966280b1511c) Importer(815301076,1909f56bfc062723c751e8b465ee728b)
Start importing Assets/Scripts/Halpern Code/Enemy.cs using Guid(33cade9d39b32f047893966280b1511c) Importer(815301076,1909f56bfc062723c751e8b465ee728b)  -> (artifact id: '7b5ee447d34a35687ef729519261cff9') in 0.039629 seconds
  Import took 0.051575 seconds .

========================================================================
Received Import Request.
  Time since last request: 9.798383 seconds.
  path: Assets/Scripts/Sword.cs
  artifactKey: Guid(bbafc2f1eb6e45946b1f46d92e9e2d18) Importer(815301076,1909f56bfc062723c751e8b465ee728b)
Start importing Assets/Scripts/Sword.cs using Guid(bbafc2f1eb6e45946b1f46d92e9e2d18) Importer(815301076,1909f56bfc062723c751e8b465ee728b)  -> (artifact id: 'b681a10e77ec122d82662c2fcc86af01') in 0.040075 seconds
  Import took 0.079395 seconds .

========================================================================
Received Import Request.
  Time since last request: 14.080525 seconds.
  path: Assets/Scripts/Token.cs
  artifactKey: Guid(2a432c41380bd374eaa0b104b134d28d) Importer(815301076,1909f56bfc062723c751e8b465ee728b)
Start importing Assets/Scripts/Token.cs using Guid(2a432c41380bd374eaa0b104b134d28d) Importer(815301076,1909f56bfc062723c751e8b465ee728b)  -> (artifact id: '575eba66cea32e0bab5cce8b26659f48') in 0.040428 seconds
  Import took 0.051266 seconds .

========================================================================
Received Import Request.
  Time since last request: 15.706874 seconds.
  path: Assets/Scripts/token.cs
  artifactKey: Guid(2a432c41380bd374eaa0b104b134d28d) Importer(815301076,1909f56bfc062723c751e8b465ee728b)
Start importing Assets/Scripts/token.cs using Guid(2a432c41380bd374eaa0b104b134d28d) Importer(815301076,1909f56bfc062723c751e8b465ee728b)  -> (artifact id: '16439ef66e4c9aafe68d9cb2f2f79495') in 0.027511 seconds
  Import took 0.040161 seconds .

========================================================================
Received Import Request.
  Time since last request: 0.015232 seconds.
  path: Assets/Scripts/token.cs
  artifactKey: Guid(2a432c41380bd374eaa0b104b134d28d) Importer(815301076,1909f56bfc062723c751e8b465ee728b)
Start importing Assets/Scripts/token.cs using Guid(2a432c41380bd374eaa0b104b134d28d) Importer(815301076,1909f56bfc062723c751e8b465ee728b)  -> (artifact id: '16439ef66e4c9aafe68d9cb2f2f79495') in 0.015270 seconds
  Import took 0.034952 seconds .

========================================================================
Received Import Request.
  Time since last request: 126.523152 seconds.
  path: Assets/Scripts/HealthToken.cs
  artifactKey: Guid(73e477cb230afa946be69f18ba983956) Importer(815301076,1909f56bfc062723c751e8b465ee728b)
Start importing Assets/Scripts/HealthToken.cs using Guid(73e477cb230afa946be69f18ba983956) Importer(815301076,1909f56bfc062723c751e8b465ee728b)  -> (artifact id: '3b9ec1d29a250a0bd04bce55e2da27a9') in 0.044985 seconds
  Import took 0.160536 seconds .

========================================================================
Received Import Request.
  Time since last request: 73.692669 seconds.
  path: Assets/Scripts/HealthToken.cs
  artifactKey: Guid(73e477cb230afa946be69f18ba983956) Importer(815301076,1909f56bfc062723c751e8b465ee728b)
Start importing Assets/Scripts/HealthToken.cs using Guid(73e477cb230afa946be69f18ba983956) Importer(815301076,1909f56bfc062723c751e8b465ee728b)  -> (artifact id: 'c95f0f6dc8aee884f6edf8505a7d49a6') in 0.041960 seconds
  Import took 0.072527 seconds .

========================================================================
Received Import Request.
  Time since last request: 0.012245 seconds.
  path: Assets/Scripts/HealthToken.cs
  artifactKey: Guid(73e477cb230afa946be69f18ba983956) Importer(815301076,1909f56bfc062723c751e8b465ee728b)
Start importing Assets/Scripts/HealthToken.cs using Guid(73e477cb230afa946be69f18ba983956) Importer(815301076,1909f56bfc062723c751e8b465ee728b)  -> (artifact id: 'c95f0f6dc8aee884f6edf8505a7d49a6') in 0.017441 seconds
  Import took 0.027200 seconds .

========================================================================
Received Prepare
Registering precompiled user dll's ...
Registered in 0.011863 seconds.
Begin MonoManager ReloadAssembly
Native extension for WindowsStandalone target not found
Refreshing native plugins compatible for Editor in 1.26 ms, found 0 plugins.
Preloading 0 native plugins for Editor in 0.00 ms.
Invoked RoslynAnalysisRunner static constructor.
RoslynAnalysisRunner will not be running.
RoslynAnalysisRunner has terminated.
Mono: successfully reloaded assembly
- Completed reload, in  4.710 seconds
Platform modules already initialized, skipping
Refreshing native plugins compatible for Editor in 1.23 ms, found 0 plugins.
Preloading 0 native plugins for Editor in 0.00 ms.
Unloading 1555 Unused Serialized files (Serialized files now loaded: 0)
System memory in use before: 70.1 MB.
System memory in use after: 70.2 MB.

Unloading 26 unused Assets to reduce memory usage. Loaded Objects now: 1999.
Total: 6.905400 ms (FindLiveObjects: 1.012300 ms CreateObjectMapping: 0.300900 ms MarkObjects: 5.531100 ms  DeleteObjects: 0.058600 ms)

========================================================================
Received Prepare
Registering precompiled user dll's ...
Registered in 0.012553 seconds.
Begin MonoManager ReloadAssembly
Native extension for WindowsStandalone target not found
Refreshing native plugins compatible for Editor in 1.75 ms, found 0 plugins.
Preloading 0 native plugins for Editor in 0.00 ms.
Invoked RoslynAnalysisRunner static constructor.
RoslynAnalysisRunner will not be running.
RoslynAnalysisRunner has terminated.
Mono: successfully reloaded assembly
- Completed reload, in  2.725 seconds
Platform modules already initialized, skipping
Refreshing native plugins compatible for Editor in 0.86 ms, found 0 plugins.
Preloading 0 native plugins for Editor in 0.00 ms.
Unloading 1555 Unused Serialized files (Serialized files now loaded: 0)
System memory in use before: 70.2 MB.
System memory in use after: 70.3 MB.

Unloading 25 unused Assets to reduce memory usage. Loaded Objects now: 2001.
Total: 3.590800 ms (FindLiveObjects: 0.282900 ms CreateObjectMapping: 0.101700 ms MarkObjects: 3.150900 ms  DeleteObjects: 0.048600 ms)

========================================================================
Received Prepare
Registering precompiled user dll's ...
Registered in 0.003620 seconds.
Begin MonoManager ReloadAssembly
Native extension for WindowsStandalone target not found
Refreshing native plugins compatible for Editor in 1.19 ms, found 0 plugins.
Preloading 0 native plugins for Editor in 0.00 ms.
Invoked RoslynAnalysisRunner static constructor.
RoslynAnalysisRunner will not be running.
RoslynAnalysisRunner has terminated.
Mono: successfully reloaded assembly
- Completed reload, in  2.479 seconds
Platform modules already initialized, skipping
Refreshing native plugins compatible for Editor in 3.52 ms, found 0 plugins.
Preloading 0 native plugins for Editor in 0.00 ms.
Unloading 1555 Unused Serialized files (Serialized files now loaded: 0)
System memory in use before: 70.4 MB.
System memory in use after: 70.5 MB.

Unloading 25 unused Assets to reduce memory usage. Loaded Objects now: 2003.
Total: 7.131200 ms (FindLiveObjects: 0.680300 ms CreateObjectMapping: 0.579300 ms MarkObjects: 5.830500 ms  DeleteObjects: 0.038100 ms)

========================================================================
Received Import Request.
  Time since last request: 164.070144 seconds.
  path: Assets/Scripts/HealthBar.cs
  artifactKey: Guid(76760dc838135084cad395bca0a93b57) Importer(815301076,1909f56bfc062723c751e8b465ee728b)
Start importing Assets/Scripts/HealthBar.cs using Guid(76760dc838135084cad395bca0a93b57) Importer(815301076,1909f56bfc062723c751e8b465ee728b)  -> (artifact id: 'debc060de77960ce8766127c7c13bec4') in 0.075123 seconds
  Import took 0.096734 seconds .

========================================================================
Received Prepare
Registering precompiled user dll's ...
Registered in 0.010843 seconds.
Begin MonoManager ReloadAssembly
Native extension for WindowsStandalone target not found
Refreshing native plugins compatible for Editor in 0.78 ms, found 0 plugins.
Preloading 0 native plugins for Editor in 0.00 ms.
Invoked RoslynAnalysisRunner static constructor.
RoslynAnalysisRunner will not be running.
RoslynAnalysisRunner has terminated.
Mono: successfully reloaded assembly
- Completed reload, in  1.767 seconds
Platform modules already initialized, skipping
Refreshing native plugins compatible for Editor in 2.03 ms, found 0 plugins.
Preloading 0 native plugins for Editor in 0.00 ms.
Unloading 1555 Unused Serialized files (Serialized files now loaded: 0)
System memory in use before: 70.5 MB.
System memory in use after: 70.6 MB.

Unloading 25 unused Assets to reduce memory usage. Loaded Objects now: 2005.
Total: 6.399800 ms (FindLiveObjects: 0.567000 ms CreateObjectMapping: 0.178900 ms MarkObjects: 5.569600 ms  DeleteObjects: 0.081200 ms)

========================================================================
Received Import Request.
  Time since last request: 57.876008 seconds.
  path: Assets/Scripts/DataManager.cs
  artifactKey: Guid(304a90c33d8c9264cb765b89adb47001) Importer(815301076,1909f56bfc062723c751e8b465ee728b)
Start importing Assets/Scripts/DataManager.cs using Guid(304a90c33d8c9264cb765b89adb47001) Importer(815301076,1909f56bfc062723c751e8b465ee728b)  -> (artifact id: '62486b99c497c3cde3c7582ff8554010') in 0.031984 seconds
  Import took 0.037863 seconds .

========================================================================
Received Import Request.
  Time since last request: 0.415088 seconds.
  path: Assets/Scripts/DataManager.cs
  artifactKey: Guid(304a90c33d8c9264cb765b89adb47001) Importer(815301076,1909f56bfc062723c751e8b465ee728b)
Start importing Assets/Scripts/DataManager.cs using Guid(304a90c33d8c9264cb765b89adb47001) Importer(815301076,1909f56bfc062723c751e8b465ee728b)  -> (artifact id: '62486b99c497c3cde3c7582ff8554010') in 0.013518 seconds
  Import took 0.022489 seconds .

========================================================================
Received Import Request.
  Time since last request: 48.166025 seconds.
  path: Assets/Scripts/Movement controllers/Unity's/PlayerPlatformerController.cs
  artifactKey: Guid(172644433696dfb41a62cd265af75d68) Importer(815301076,1909f56bfc062723c751e8b465ee728b)
Start importing Assets/Scripts/Movement controllers/Unity's/PlayerPlatformerController.cs using Guid(172644433696dfb41a62cd265af75d68) Importer(815301076,1909f56bfc062723c751e8b465ee728b)  -> (artifact id: '76c716b443d5a93f411209ac20616a8b') in 0.027064 seconds
  Import took 0.036151 seconds .

========================================================================
Received Prepare
Registering precompiled user dll's ...
Registered in 0.006157 seconds.
Begin MonoManager ReloadAssembly
Native extension for WindowsStandalone target not found
Refreshing native plugins compatible for Editor in 1.27 ms, found 0 plugins.
Preloading 0 native plugins for Editor in 0.00 ms.
Invoked RoslynAnalysisRunner static constructor.
RoslynAnalysisRunner will not be running.
RoslynAnalysisRunner has terminated.
Mono: successfully reloaded assembly
- Completed reload, in  3.735 seconds
Platform modules already initialized, skipping
Refreshing native plugins compatible for Editor in 1.02 ms, found 0 plugins.
Preloading 0 native plugins for Editor in 0.00 ms.
Unloading 1555 Unused Serialized files (Serialized files now loaded: 0)
System memory in use before: 70.5 MB.
System memory in use after: 70.6 MB.

Unloading 25 unused Assets to reduce memory usage. Loaded Objects now: 2007.
Total: 7.381200 ms (FindLiveObjects: 1.073600 ms CreateObjectMapping: 0.190300 ms MarkObjects: 5.868500 ms  DeleteObjects: 0.243700 ms)

========================================================================
Received Import Request.
  Time since last request: 182.916115 seconds.
  path: Assets/Scripts/Movement controllers/Characterfollower.cs
  artifactKey: Guid(775d8c5926cd4b94b8fdefaff4197631) Importer(815301076,1909f56bfc062723c751e8b465ee728b)
Start importing Assets/Scripts/Movement controllers/Characterfollower.cs using Guid(775d8c5926cd4b94b8fdefaff4197631) Importer(815301076,1909f56bfc062723c751e8b465ee728b)  -> (artifact id: 'e2806628a712bdf581e1ffe225b9c2a3') in 0.050150 seconds
  Import took 0.067242 seconds .

========================================================================
Received Prepare
Registering precompiled user dll's ...
Registered in 0.012984 seconds.
Begin MonoManager ReloadAssembly
Native extension for WindowsStandalone target not found
Refreshing native plugins compatible for Editor in 0.99 ms, found 0 plugins.
Preloading 0 native plugins for Editor in 0.00 ms.
Invoked RoslynAnalysisRunner static constructor.
RoslynAnalysisRunner will not be running.
RoslynAnalysisRunner has terminated.
Mono: successfully reloaded assembly
- Completed reload, in  2.790 seconds
Platform modules already initialized, skipping
Refreshing native plugins compatible for Editor in 0.84 ms, found 0 plugins.
Preloading 0 native plugins for Editor in 0.00 ms.
Unloading 1555 Unused Serialized files (Serialized files now loaded: 0)
System memory in use before: 70.8 MB.
System memory in use after: 70.9 MB.

Unloading 25 unused Assets to reduce memory usage. Loaded Objects now: 2009.
Total: 10.306200 ms (FindLiveObjects: 0.630300 ms CreateObjectMapping: 0.298900 ms MarkObjects: 9.158100 ms  DeleteObjects: 0.214200 ms)

========================================================================
Received Import Request.
  Time since last request: 99.965083 seconds.
  path: Assets/Prefabs/HealthBar.prefab
  artifactKey: Guid(487f1926cde54f548a69a32e9daedf77) Importer(815301076,1909f56bfc062723c751e8b465ee728b)
Start importing Assets/Prefabs/HealthBar.prefab using Guid(487f1926cde54f548a69a32e9daedf77) Importer(815301076,1909f56bfc062723c751e8b465ee728b)  -> (artifact id: '8028d9828e5dec1f5f3ec3362ccff9ee') in 0.280285 seconds
  Import took 0.322491 seconds .

========================================================================
Received Prepare
Registering precompiled user dll's ...
Registered in 0.003534 seconds.
Begin MonoManager ReloadAssembly
Native extension for WindowsStandalone target not found
Refreshing native plugins compatible for Editor in 0.95 ms, found 0 plugins.
Preloading 0 native plugins for Editor in 0.00 ms.
Invoked RoslynAnalysisRunner static constructor.
RoslynAnalysisRunner will not be running.
RoslynAnalysisRunner has terminated.
Mono: successfully reloaded assembly
- Completed reload, in  2.586 seconds
Platform modules already initialized, skipping
Refreshing native plugins compatible for Editor in 1.02 ms, found 0 plugins.
Preloading 0 native plugins for Editor in 0.00 ms.
Unloading 1555 Unused Serialized files (Serialized files now loaded: 0)
System memory in use before: 71.0 MB.
System memory in use after: 71.1 MB.

Unloading 25 unused Assets to reduce memory usage. Loaded Objects now: 2011.
Total: 8.328800 ms (FindLiveObjects: 1.975200 ms CreateObjectMapping: 0.235200 ms MarkObjects: 5.655900 ms  DeleteObjects: 0.452000 ms)

