Using pre-set license
Built from '2020.2/release' branch; Version is '2020.2.2f1 (068178b99f32) revision 426360'; Using compiler version '192528614'; Build Type 'Release'
OS: 'Windows 10 Home; OS build 19042.928; Version 2009; 64bit' Language: 'en' Physical Memory: 3975 MB
BatchMode: 1, IsHumanControllingUs: 0, StartBugReporterOnCrash: 0, Is64bit: 1, IsPro: 0

 COMMAND LINE ARGUMENTS:
C:\Program Files\Unity\Hub\Editor\2020.2.2f1\Editor\Unity.exe
-adb2
-batchMode
-noUpm
-name
AssetImportWorker1
-projectPath
C:/Users/18175/Documents/GitHub/Light-project/Light game
-logFile
Logs/AssetImportWorker1.log
-srvPort
58868
Successfully changed project path to: C:/Users/18175/Documents/GitHub/Light-project/Light game
C:/Users/18175/Documents/GitHub/Light-project/Light game
Using Asset Import Pipeline V2.
Refreshing native plugins compatible for Editor in 215.25 ms, found 0 plugins.
Preloading 0 native plugins for Editor in 0.00 ms.
Initialize engine version: 2020.2.2f1 (068178b99f32)
[Subsystems] Discovering subsystems at path C:/Program Files/Unity/Hub/Editor/2020.2.2f1/Editor/Data/Resources/UnitySubsystems
[Subsystems] Discovering subsystems at path C:/Users/18175/Documents/GitHub/Light-project/Light game/Assets
GfxDevice: creating device client; threaded=0
Direct3D:
    Version:  Direct3D 11.0 [level 11.1]
    Renderer: Intel(R) UHD Graphics 620 (ID=0x5917)
    Vendor:   
    VRAM:     1987 MB
    Driver:   27.20.100.8853
Initialize mono
Mono path[0] = 'C:/Program Files/Unity/Hub/Editor/2020.2.2f1/Editor/Data/Managed'
Mono path[1] = 'C:/Program Files/Unity/Hub/Editor/2020.2.2f1/Editor/Data/MonoBleedingEdge/lib/mono/unityjit'
Mono config path = 'C:/Program Files/Unity/Hub/Editor/2020.2.2f1/Editor/Data/MonoBleedingEdge/etc'
Using monoOptions --debugger-agent=transport=dt_socket,embedding=1,server=y,suspend=n,address=127.0.0.1:56632
Begin MonoManager ReloadAssembly
Registering precompiled unity dll's ...
Register platform support module: C:/Program Files/Unity/Hub/Editor/2020.2.2f1/Editor/Data/PlaybackEngines/WindowsStandaloneSupport/UnityEditor.WindowsStandalone.Extensions.dll
Registered in 0.008138 seconds.
Native extension for WindowsStandalone target not found
Refreshing native plugins compatible for Editor in 146.24 ms, found 0 plugins.
Preloading 0 native plugins for Editor in 0.00 ms.
Invoked RoslynAnalysisRunner static constructor.
RoslynAnalysisRunner will not be running.
RoslynAnalysisRunner has terminated.
Mono: successfully reloaded assembly
- Completed reload, in  9.027 seconds
Platform modules already initialized, skipping
Registering precompiled user dll's ...
Registered in 0.005526 seconds.
Begin MonoManager ReloadAssembly
Native extension for WindowsStandalone target not found
Refreshing native plugins compatible for Editor in 0.94 ms, found 0 plugins.
Preloading 0 native plugins for Editor in 0.00 ms.
Invoked RoslynAnalysisRunner static constructor.
RoslynAnalysisRunner will not be running.
RoslynAnalysisRunner has terminated.
Mono: successfully reloaded assembly
- Completed reload, in  3.996 seconds
Platform modules already initialized, skipping
========================================================================
Worker process is ready to serve import requests
Launched and connected shader compiler UnityShaderCompiler.exe after 0.25 seconds
Refreshing native plugins compatible for Editor in 1.12 ms, found 0 plugins.
Preloading 0 native plugins for Editor in 0.00 ms.
Unloading 1557 Unused Serialized files (Serialized files now loaded: 0)
System memory in use before: 69.6 MB.
System memory in use after: 69.6 MB.

Unloading 34 unused Assets to reduce memory usage. Loaded Objects now: 1986.
Total: 19.428100 ms (FindLiveObjects: 1.146300 ms CreateObjectMapping: 0.224000 ms MarkObjects: 16.493400 ms  DeleteObjects: 1.559400 ms)

========================================================================
Received Import Request.
  path: Assets/Scripts/Event Mangager/EventTriggerTest.cs
  artifactKey: Guid(ae74d75ac4d4c9845bac172a3fcc3958) Importer(815301076,1909f56bfc062723c751e8b465ee728b)
Start importing Assets/Scripts/Event Mangager/EventTriggerTest.cs using Guid(ae74d75ac4d4c9845bac172a3fcc3958) Importer(815301076,1909f56bfc062723c751e8b465ee728b)  -> (artifact id: 'c9cf9a218cc8700d4ba965e0c353ed7e') in 0.294688 seconds
  Import took 0.305412 seconds .

========================================================================
Received Import Request.
  Time since last request: 0.001200 seconds.
  path: Assets/Scripts/Sword.cs
  artifactKey: Guid(bbafc2f1eb6e45946b1f46d92e9e2d18) Importer(815301076,1909f56bfc062723c751e8b465ee728b)
Start importing Assets/Scripts/Sword.cs using Guid(bbafc2f1eb6e45946b1f46d92e9e2d18) Importer(815301076,1909f56bfc062723c751e8b465ee728b)  -> (artifact id: '41ce40d05568188b8044ab28786fea70') in 0.016263 seconds
  Import took 0.021470 seconds .

========================================================================
Received Import Request.
  Time since last request: 0.000296 seconds.
  path: Assets/Scripts/Event Mangager/EventTest.cs
  artifactKey: Guid(ed459911be478604aa3cb9d41a04df23) Importer(815301076,1909f56bfc062723c751e8b465ee728b)
Start importing Assets/Scripts/Event Mangager/EventTest.cs using Guid(ed459911be478604aa3cb9d41a04df23) Importer(815301076,1909f56bfc062723c751e8b465ee728b)  -> (artifact id: 'f410e300b89159a3dc3ec4ddc82bc786') in 0.027730 seconds
  Import took 0.033160 seconds .

========================================================================
Received Prepare
Registering precompiled user dll's ...
Registered in 0.004821 seconds.
Begin MonoManager ReloadAssembly
Native extension for WindowsStandalone target not found
Refreshing native plugins compatible for Editor in 0.87 ms, found 0 plugins.
Preloading 0 native plugins for Editor in 0.00 ms.
Invoked RoslynAnalysisRunner static constructor.
RoslynAnalysisRunner will not be running.
RoslynAnalysisRunner has terminated.
Mono: successfully reloaded assembly
- Completed reload, in  2.496 seconds
Platform modules already initialized, skipping
Refreshing native plugins compatible for Editor in 0.49 ms, found 0 plugins.
Preloading 0 native plugins for Editor in 0.00 ms.
Unloading 1551 Unused Serialized files (Serialized files now loaded: 0)
System memory in use before: 69.6 MB.
System memory in use after: 69.7 MB.

Unloading 25 unused Assets to reduce memory usage. Loaded Objects now: 1989.
Total: 7.207900 ms (FindLiveObjects: 0.302100 ms CreateObjectMapping: 0.096900 ms MarkObjects: 6.449500 ms  DeleteObjects: 0.357700 ms)

========================================================================
Received Prepare
Registering precompiled user dll's ...
Registered in 0.010963 seconds.
Begin MonoManager ReloadAssembly
Native extension for WindowsStandalone target not found
Refreshing native plugins compatible for Editor in 1.15 ms, found 0 plugins.
Preloading 0 native plugins for Editor in 0.00 ms.
Invoked RoslynAnalysisRunner static constructor.
RoslynAnalysisRunner will not be running.
RoslynAnalysisRunner has terminated.
Mono: successfully reloaded assembly
- Completed reload, in  3.038 seconds
Platform modules already initialized, skipping
Refreshing native plugins compatible for Editor in 2.05 ms, found 0 plugins.
Preloading 0 native plugins for Editor in 0.00 ms.
Unloading 1550 Unused Serialized files (Serialized files now loaded: 0)
System memory in use before: 69.7 MB.
System memory in use after: 69.8 MB.

Unloading 25 unused Assets to reduce memory usage. Loaded Objects now: 1991.
Total: 4.357300 ms (FindLiveObjects: 0.322900 ms CreateObjectMapping: 0.405300 ms MarkObjects: 3.432400 ms  DeleteObjects: 0.195100 ms)

========================================================================
Received Prepare
Registering precompiled user dll's ...
Registered in 0.013392 seconds.
Begin MonoManager ReloadAssembly
Native extension for WindowsStandalone target not found
Refreshing native plugins compatible for Editor in 1.61 ms, found 0 plugins.
Preloading 0 native plugins for Editor in 0.00 ms.
Invoked RoslynAnalysisRunner static constructor.
RoslynAnalysisRunner will not be running.
RoslynAnalysisRunner has terminated.
Mono: successfully reloaded assembly
- Completed reload, in  2.606 seconds
Platform modules already initialized, skipping
Refreshing native plugins compatible for Editor in 0.92 ms, found 0 plugins.
Preloading 0 native plugins for Editor in 0.00 ms.
Unloading 1550 Unused Serialized files (Serialized files now loaded: 0)
System memory in use before: 69.9 MB.
System memory in use after: 70.0 MB.

Unloading 25 unused Assets to reduce memory usage. Loaded Objects now: 1993.
Total: 3.736700 ms (FindLiveObjects: 0.238400 ms CreateObjectMapping: 0.077000 ms MarkObjects: 3.383700 ms  DeleteObjects: 0.035800 ms)

========================================================================
Received Import Request.
  Time since last request: 328.254193 seconds.
  path: Assets/Prefabs/Luna.prefab
  artifactKey: Guid(748fd8c137ddda043bbddc6653622c2e) Importer(815301076,1909f56bfc062723c751e8b465ee728b)
Start importing Assets/Prefabs/Luna.prefab using Guid(748fd8c137ddda043bbddc6653622c2e) Importer(815301076,1909f56bfc062723c751e8b465ee728b)  -> (artifact id: '6f3645d44e7c8bf646af3d755539017c') in 0.579441 seconds
  Import took 0.590488 seconds .

========================================================================
Received Import Request.
  Time since last request: 4.835789 seconds.
  path: Assets/Prefabs/Evil Hexagon.prefab
  artifactKey: Guid(5fe907ac3db23fc41b0df476eb0b8d6e) Importer(815301076,1909f56bfc062723c751e8b465ee728b)
Start importing Assets/Prefabs/Evil Hexagon.prefab using Guid(5fe907ac3db23fc41b0df476eb0b8d6e) Importer(815301076,1909f56bfc062723c751e8b465ee728b)  -> (artifact id: '21b668db109a574e4bf8ff3bc1e55648') in 0.102076 seconds
  Import took 0.112494 seconds .

========================================================================
Received Import Request.
  Time since last request: 2.921237 seconds.
  path: Assets/Prefabs/Light.prefab
  artifactKey: Guid(379bd2ca315160d429d032cf842daf8a) Importer(815301076,1909f56bfc062723c751e8b465ee728b)
Start importing Assets/Prefabs/Light.prefab using Guid(379bd2ca315160d429d032cf842daf8a) Importer(815301076,1909f56bfc062723c751e8b465ee728b)  -> (artifact id: '0529d2f7a3c8d076601223667f0b9744') in 0.125086 seconds
  Import took 0.136017 seconds .

========================================================================
Received Import Request.
  Time since last request: 40.706275 seconds.
  path: Assets/Prefabs/Light Off Trigger.prefab
  artifactKey: Guid(46ce32a170582a54f83144a00c5b1dd1) Importer(815301076,1909f56bfc062723c751e8b465ee728b)
Start importing Assets/Prefabs/Light Off Trigger.prefab using Guid(46ce32a170582a54f83144a00c5b1dd1) Importer(815301076,1909f56bfc062723c751e8b465ee728b)  -> (artifact id: '09e496fa07dcc8861d1787f888e8b74b') in 0.046250 seconds
  Import took 0.050582 seconds .

========================================================================
Received Import Request.
  Time since last request: 6.044334 seconds.
  path: Assets/Prefabs/Light On Trigger.prefab
  artifactKey: Guid(3aa31c4a730908c47af9cfc02e032e8d) Importer(815301076,1909f56bfc062723c751e8b465ee728b)
Start importing Assets/Prefabs/Light On Trigger.prefab using Guid(3aa31c4a730908c47af9cfc02e032e8d) Importer(815301076,1909f56bfc062723c751e8b465ee728b)  -> (artifact id: '91accda91b14299574521884d942780a') in 0.048871 seconds
  Import took 0.063209 seconds .

========================================================================
Received Prepare
Registering precompiled user dll's ...
Registered in 0.010447 seconds.
Begin MonoManager ReloadAssembly
Native extension for WindowsStandalone target not found
Refreshing native plugins compatible for Editor in 1.86 ms, found 0 plugins.
Preloading 0 native plugins for Editor in 0.00 ms.
Invoked RoslynAnalysisRunner static constructor.
RoslynAnalysisRunner will not be running.
RoslynAnalysisRunner has terminated.
Mono: successfully reloaded assembly
- Completed reload, in  3.169 seconds
Platform modules already initialized, skipping
Refreshing native plugins compatible for Editor in 1.03 ms, found 0 plugins.
Preloading 0 native plugins for Editor in 0.00 ms.
Unloading 1550 Unused Serialized files (Serialized files now loaded: 0)
System memory in use before: 73.2 MB.
System memory in use after: 73.3 MB.

Unloading 27 unused Assets to reduce memory usage. Loaded Objects now: 2002.
Total: 24.057500 ms (FindLiveObjects: 2.389400 ms CreateObjectMapping: 0.420600 ms MarkObjects: 16.330100 ms  DeleteObjects: 4.912700 ms)

========================================================================
Received Import Request.
  Time since last request: 106.715634 seconds.
  path: Assets/Scripts/Halpern Code/Enemy.cs
  artifactKey: Guid(33cade9d39b32f047893966280b1511c) Importer(815301076,1909f56bfc062723c751e8b465ee728b)
Start importing Assets/Scripts/Halpern Code/Enemy.cs using Guid(33cade9d39b32f047893966280b1511c) Importer(815301076,1909f56bfc062723c751e8b465ee728b)  -> (artifact id: '90652742a69f920df49d64e928051a2f') in 0.067667 seconds
  Import took 0.158886 seconds .

========================================================================
Received Prepare
Registering precompiled user dll's ...
Registered in 0.018670 seconds.
Begin MonoManager ReloadAssembly
Native extension for WindowsStandalone target not found
Refreshing native plugins compatible for Editor in 0.54 ms, found 0 plugins.
Preloading 0 native plugins for Editor in 0.00 ms.
Invoked RoslynAnalysisRunner static constructor.
RoslynAnalysisRunner will not be running.
RoslynAnalysisRunner has terminated.
Mono: successfully reloaded assembly
- Completed reload, in  1.924 seconds
Platform modules already initialized, skipping
Refreshing native plugins compatible for Editor in 0.72 ms, found 0 plugins.
Preloading 0 native plugins for Editor in 0.00 ms.
Unloading 1550 Unused Serialized files (Serialized files now loaded: 0)
System memory in use before: 73.3 MB.
System memory in use after: 73.4 MB.

Unloading 25 unused Assets to reduce memory usage. Loaded Objects now: 2004.
Total: 3.291900 ms (FindLiveObjects: 0.343900 ms CreateObjectMapping: 0.097000 ms MarkObjects: 2.804500 ms  DeleteObjects: 0.045000 ms)

========================================================================
Received Prepare
Registering precompiled user dll's ...
Registered in 0.003156 seconds.
Begin MonoManager ReloadAssembly
Native extension for WindowsStandalone target not found
Refreshing native plugins compatible for Editor in 0.67 ms, found 0 plugins.
Preloading 0 native plugins for Editor in 0.00 ms.
Invoked RoslynAnalysisRunner static constructor.
RoslynAnalysisRunner will not be running.
RoslynAnalysisRunner has terminated.
Mono: successfully reloaded assembly
- Completed reload, in  2.498 seconds
Platform modules already initialized, skipping
Refreshing native plugins compatible for Editor in 1.11 ms, found 0 plugins.
Preloading 0 native plugins for Editor in 0.00 ms.
Unloading 1550 Unused Serialized files (Serialized files now loaded: 0)
System memory in use before: 73.4 MB.
System memory in use after: 73.5 MB.

Unloading 25 unused Assets to reduce memory usage. Loaded Objects now: 2006.
Total: 3.961500 ms (FindLiveObjects: 0.319100 ms CreateObjectMapping: 0.127300 ms MarkObjects: 3.406700 ms  DeleteObjects: 0.106500 ms)

========================================================================
Received Prepare
Registering precompiled user dll's ...
Registered in 0.008426 seconds.
Begin MonoManager ReloadAssembly
Native extension for WindowsStandalone target not found
Refreshing native plugins compatible for Editor in 1.51 ms, found 0 plugins.
Preloading 0 native plugins for Editor in 0.00 ms.
Invoked RoslynAnalysisRunner static constructor.
RoslynAnalysisRunner will not be running.
RoslynAnalysisRunner has terminated.
Mono: successfully reloaded assembly
- Completed reload, in  5.851 seconds
Platform modules already initialized, skipping
Refreshing native plugins compatible for Editor in 0.92 ms, found 0 plugins.
Preloading 0 native plugins for Editor in 0.00 ms.
Unloading 1550 Unused Serialized files (Serialized files now loaded: 0)
System memory in use before: 73.5 MB.
System memory in use after: 73.6 MB.

Unloading 25 unused Assets to reduce memory usage. Loaded Objects now: 2008.
Total: 19.089100 ms (FindLiveObjects: 2.468100 ms CreateObjectMapping: 0.248200 ms MarkObjects: 15.935800 ms  DeleteObjects: 0.419100 ms)

========================================================================
Received Prepare
Registering precompiled user dll's ...
Registered in 0.016851 seconds.
Begin MonoManager ReloadAssembly
Native extension for WindowsStandalone target not found
Refreshing native plugins compatible for Editor in 1.43 ms, found 0 plugins.
Preloading 0 native plugins for Editor in 0.00 ms.
Invoked RoslynAnalysisRunner static constructor.
RoslynAnalysisRunner will not be running.
RoslynAnalysisRunner has terminated.
Mono: successfully reloaded assembly
- Completed reload, in  3.394 seconds
Platform modules already initialized, skipping
Refreshing native plugins compatible for Editor in 0.88 ms, found 0 plugins.
Preloading 0 native plugins for Editor in 0.00 ms.
Unloading 1551 Unused Serialized files (Serialized files now loaded: 0)
System memory in use before: 73.6 MB.
System memory in use after: 73.7 MB.

Unloading 25 unused Assets to reduce memory usage. Loaded Objects now: 2011.
Total: 7.483600 ms (FindLiveObjects: 0.830700 ms CreateObjectMapping: 0.307100 ms MarkObjects: 6.111700 ms  DeleteObjects: 0.230600 ms)

========================================================================
Received Import Request.
  Time since last request: 1032.216298 seconds.
  path: Assets/Scripts/Pacer.cs
  artifactKey: Guid(1b4e8db41bbc8cf458348d33947b385c) Importer(815301076,1909f56bfc062723c751e8b465ee728b)
Start importing Assets/Scripts/Pacer.cs using Guid(1b4e8db41bbc8cf458348d33947b385c) Importer(815301076,1909f56bfc062723c751e8b465ee728b)  -> (artifact id: '637559ec4a668b8ff3a55b6b04aa79af') in 0.073279 seconds
  Import took 0.086983 seconds .

========================================================================
Received Prepare
Registering precompiled user dll's ...
Registered in 0.005415 seconds.
Begin MonoManager ReloadAssembly
Native extension for WindowsStandalone target not found
Refreshing native plugins compatible for Editor in 1.35 ms, found 0 plugins.
Preloading 0 native plugins for Editor in 0.00 ms.
Invoked RoslynAnalysisRunner static constructor.
RoslynAnalysisRunner will not be running.
RoslynAnalysisRunner has terminated.
Mono: successfully reloaded assembly
- Completed reload, in  2.091 seconds
Platform modules already initialized, skipping
Refreshing native plugins compatible for Editor in 0.63 ms, found 0 plugins.
Preloading 0 native plugins for Editor in 0.00 ms.
Unloading 1551 Unused Serialized files (Serialized files now loaded: 0)
System memory in use before: 73.8 MB.
System memory in use after: 73.9 MB.

Unloading 25 unused Assets to reduce memory usage. Loaded Objects now: 2013.
Total: 3.357800 ms (FindLiveObjects: 0.345400 ms CreateObjectMapping: 0.113600 ms MarkObjects: 2.864000 ms  DeleteObjects: 0.032700 ms)

========================================================================
Received Import Request.
  Time since last request: 39.906744 seconds.
  path: Assets/Scripts/Characterfollower.cs
  artifactKey: Guid(775d8c5926cd4b94b8fdefaff4197631) Importer(815301076,1909f56bfc062723c751e8b465ee728b)
Start importing Assets/Scripts/Characterfollower.cs using Guid(775d8c5926cd4b94b8fdefaff4197631) Importer(815301076,1909f56bfc062723c751e8b465ee728b)  -> (artifact id: '906c4f58eccfb96549df71ec4ea0b18a') in 0.054639 seconds
  Import took 0.066785 seconds .

========================================================================
Received Prepare
Registering precompiled user dll's ...
Registered in 0.015537 seconds.
Begin MonoManager ReloadAssembly
Native extension for WindowsStandalone target not found
Refreshing native plugins compatible for Editor in 1.12 ms, found 0 plugins.
Preloading 0 native plugins for Editor in 0.00 ms.
Invoked RoslynAnalysisRunner static constructor.
RoslynAnalysisRunner will not be running.
RoslynAnalysisRunner has terminated.
Mono: successfully reloaded assembly
- Completed reload, in  4.331 seconds
Platform modules already initialized, skipping
Refreshing native plugins compatible for Editor in 0.80 ms, found 0 plugins.
Preloading 0 native plugins for Editor in 0.00 ms.
Unloading 1551 Unused Serialized files (Serialized files now loaded: 0)
System memory in use before: 73.9 MB.
System memory in use after: 74.0 MB.

Unloading 25 unused Assets to reduce memory usage. Loaded Objects now: 2015.
Total: 15.512500 ms (FindLiveObjects: 1.143600 ms CreateObjectMapping: 0.218100 ms MarkObjects: 13.575500 ms  DeleteObjects: 0.541800 ms)

========================================================================
Received Import Request.
  Time since last request: 763.221475 seconds.
  path: Assets/Scripts/Pacer.cs
  artifactKey: Guid(1b4e8db41bbc8cf458348d33947b385c) Importer(815301076,1909f56bfc062723c751e8b465ee728b)
Start importing Assets/Scripts/Pacer.cs using Guid(1b4e8db41bbc8cf458348d33947b385c) Importer(815301076,1909f56bfc062723c751e8b465ee728b)  -> (artifact id: 'd52443b9ee6cd42f4c9df7e7706a4ba6') in 0.033093 seconds
  Import took 0.042656 seconds .

========================================================================
Received Prepare
Registering precompiled user dll's ...
Registered in 0.003149 seconds.
Begin MonoManager ReloadAssembly
Native extension for WindowsStandalone target not found
Refreshing native plugins compatible for Editor in 0.69 ms, found 0 plugins.
Preloading 0 native plugins for Editor in 0.00 ms.
Invoked RoslynAnalysisRunner static constructor.
RoslynAnalysisRunner will not be running.
RoslynAnalysisRunner has terminated.
Mono: successfully reloaded assembly
- Completed reload, in  3.161 seconds
Platform modules already initialized, skipping
Refreshing native plugins compatible for Editor in 0.49 ms, found 0 plugins.
Preloading 0 native plugins for Editor in 0.00 ms.
Unloading 1551 Unused Serialized files (Serialized files now loaded: 0)
System memory in use before: 74.0 MB.
System memory in use after: 74.2 MB.

Unloading 25 unused Assets to reduce memory usage. Loaded Objects now: 2017.
Total: 8.164100 ms (FindLiveObjects: 0.275000 ms CreateObjectMapping: 0.072700 ms MarkObjects: 7.763900 ms  DeleteObjects: 0.050200 ms)

========================================================================
Received Import Request.
  Time since last request: 57.181876 seconds.
  path: Assets/Scripts/Pacer.cs
  artifactKey: Guid(1b4e8db41bbc8cf458348d33947b385c) Importer(815301076,1909f56bfc062723c751e8b465ee728b)
Start importing Assets/Scripts/Pacer.cs using Guid(1b4e8db41bbc8cf458348d33947b385c) Importer(815301076,1909f56bfc062723c751e8b465ee728b)  -> (artifact id: 'e474687ad17bd3328591b9adbdb75629') in 0.012294 seconds
  Import took 0.018614 seconds .

========================================================================
Received Import Request.
  Time since last request: 2.441191 seconds.
  path: Assets/Scripts/Pacer.cs
  artifactKey: Guid(1b4e8db41bbc8cf458348d33947b385c) Importer(815301076,1909f56bfc062723c751e8b465ee728b)
Start importing Assets/Scripts/Pacer.cs using Guid(1b4e8db41bbc8cf458348d33947b385c) Importer(815301076,1909f56bfc062723c751e8b465ee728b)  -> (artifact id: 'e474687ad17bd3328591b9adbdb75629') in 0.007156 seconds
  Import took 0.012973 seconds .

========================================================================
Received Prepare
Registering precompiled user dll's ...
Registered in 0.006875 seconds.
Begin MonoManager ReloadAssembly
Native extension for WindowsStandalone target not found
Refreshing native plugins compatible for Editor in 1.05 ms, found 0 plugins.
Preloading 0 native plugins for Editor in 0.00 ms.
Invoked RoslynAnalysisRunner static constructor.
RoslynAnalysisRunner will not be running.
RoslynAnalysisRunner has terminated.
Mono: successfully reloaded assembly
- Completed reload, in  2.430 seconds
Platform modules already initialized, skipping
Refreshing native plugins compatible for Editor in 1.27 ms, found 0 plugins.
Preloading 0 native plugins for Editor in 0.00 ms.
Unloading 1551 Unused Serialized files (Serialized files now loaded: 0)
System memory in use before: 74.2 MB.
System memory in use after: 74.3 MB.

Unloading 25 unused Assets to reduce memory usage. Loaded Objects now: 2019.
Total: 6.656100 ms (FindLiveObjects: 0.918200 ms CreateObjectMapping: 0.262800 ms MarkObjects: 5.392900 ms  DeleteObjects: 0.077800 ms)

========================================================================
Received Prepare
Registering precompiled user dll's ...
Registered in 0.009084 seconds.
Begin MonoManager ReloadAssembly
Native extension for WindowsStandalone target not found
Refreshing native plugins compatible for Editor in 0.87 ms, found 0 plugins.
Preloading 0 native plugins for Editor in 0.00 ms.
Invoked RoslynAnalysisRunner static constructor.
RoslynAnalysisRunner will not be running.
RoslynAnalysisRunner has terminated.
Mono: successfully reloaded assembly
- Completed reload, in  2.288 seconds
Platform modules already initialized, skipping
Refreshing native plugins compatible for Editor in 0.61 ms, found 0 plugins.
Preloading 0 native plugins for Editor in 0.00 ms.
Unloading 1551 Unused Serialized files (Serialized files now loaded: 0)
System memory in use before: 74.3 MB.
System memory in use after: 74.4 MB.

Unloading 25 unused Assets to reduce memory usage. Loaded Objects now: 2021.
Total: 3.429200 ms (FindLiveObjects: 0.296600 ms CreateObjectMapping: 0.092000 ms MarkObjects: 3.007900 ms  DeleteObjects: 0.031300 ms)

========================================================================
Received Prepare
Registering precompiled user dll's ...
Registered in 0.003064 seconds.
Begin MonoManager ReloadAssembly
Native extension for WindowsStandalone target not found
Refreshing native plugins compatible for Editor in 1.12 ms, found 0 plugins.
Preloading 0 native plugins for Editor in 0.00 ms.
Invoked RoslynAnalysisRunner static constructor.
RoslynAnalysisRunner will not be running.
RoslynAnalysisRunner has terminated.
Mono: successfully reloaded assembly
- Completed reload, in  2.323 seconds
Platform modules already initialized, skipping
Refreshing native plugins compatible for Editor in 0.46 ms, found 0 plugins.
Preloading 0 native plugins for Editor in 0.00 ms.
Unloading 1551 Unused Serialized files (Serialized files now loaded: 0)
System memory in use before: 74.4 MB.
System memory in use after: 74.5 MB.

Unloading 25 unused Assets to reduce memory usage. Loaded Objects now: 2023.
Total: 3.132600 ms (FindLiveObjects: 0.318500 ms CreateObjectMapping: 0.094600 ms MarkObjects: 2.684600 ms  DeleteObjects: 0.033200 ms)

========================================================================
Received Prepare
Registering precompiled user dll's ...
Registered in 0.008836 seconds.
Begin MonoManager ReloadAssembly
Native extension for WindowsStandalone target not found
Refreshing native plugins compatible for Editor in 0.79 ms, found 0 plugins.
Preloading 0 native plugins for Editor in 0.00 ms.
Invoked RoslynAnalysisRunner static constructor.
RoslynAnalysisRunner will not be running.
RoslynAnalysisRunner has terminated.
Mono: successfully reloaded assembly
- Completed reload, in  2.047 seconds
Platform modules already initialized, skipping
Refreshing native plugins compatible for Editor in 0.43 ms, found 0 plugins.
Preloading 0 native plugins for Editor in 0.00 ms.
Unloading 1551 Unused Serialized files (Serialized files now loaded: 0)
System memory in use before: 74.5 MB.
System memory in use after: 74.7 MB.

Unloading 25 unused Assets to reduce memory usage. Loaded Objects now: 2025.
Total: 8.641900 ms (FindLiveObjects: 0.458400 ms CreateObjectMapping: 0.058400 ms MarkObjects: 6.725500 ms  DeleteObjects: 1.397700 ms)

========================================================================
Received Prepare
Registering precompiled user dll's ...
Registered in 0.008663 seconds.
Begin MonoManager ReloadAssembly
Native extension for WindowsStandalone target not found
Refreshing native plugins compatible for Editor in 0.90 ms, found 0 plugins.
Preloading 0 native plugins for Editor in 0.00 ms.
Invoked RoslynAnalysisRunner static constructor.
RoslynAnalysisRunner will not be running.
RoslynAnalysisRunner has terminated.
Mono: successfully reloaded assembly
- Completed reload, in  2.453 seconds
Platform modules already initialized, skipping
Refreshing native plugins compatible for Editor in 0.43 ms, found 0 plugins.
Preloading 0 native plugins for Editor in 0.00 ms.
Unloading 1551 Unused Serialized files (Serialized files now loaded: 0)
System memory in use before: 74.7 MB.
System memory in use after: 74.8 MB.

Unloading 25 unused Assets to reduce memory usage. Loaded Objects now: 2027.
Total: 13.704000 ms (FindLiveObjects: 2.029000 ms CreateObjectMapping: 0.145600 ms MarkObjects: 10.622900 ms  DeleteObjects: 0.903500 ms)

========================================================================
Received Prepare
Registering precompiled user dll's ...
Registered in 0.019118 seconds.
Begin MonoManager ReloadAssembly
Native extension for WindowsStandalone target not found
Refreshing native plugins compatible for Editor in 0.69 ms, found 0 plugins.
Preloading 0 native plugins for Editor in 0.00 ms.
Invoked RoslynAnalysisRunner static constructor.
RoslynAnalysisRunner will not be running.
RoslynAnalysisRunner has terminated.
Mono: successfully reloaded assembly
- Completed reload, in  1.995 seconds
Platform modules already initialized, skipping
Refreshing native plugins compatible for Editor in 0.57 ms, found 0 plugins.
Preloading 0 native plugins for Editor in 0.00 ms.
Unloading 1551 Unused Serialized files (Serialized files now loaded: 0)
System memory in use before: 73.8 MB.
System memory in use after: 73.9 MB.

Unloading 25 unused Assets to reduce memory usage. Loaded Objects now: 2029.
Total: 13.316000 ms (FindLiveObjects: 1.090600 ms CreateObjectMapping: 0.334200 ms MarkObjects: 11.790000 ms  DeleteObjects: 0.098300 ms)

========================================================================
Received Prepare
Registering precompiled user dll's ...
Registered in 0.008357 seconds.
Begin MonoManager ReloadAssembly
Native extension for WindowsStandalone target not found
Refreshing native plugins compatible for Editor in 0.97 ms, found 0 plugins.
Preloading 0 native plugins for Editor in 0.00 ms.
Invoked RoslynAnalysisRunner static constructor.
RoslynAnalysisRunner will not be running.
RoslynAnalysisRunner has terminated.
Mono: successfully reloaded assembly
- Completed reload, in  2.114 seconds
Platform modules already initialized, skipping
Refreshing native plugins compatible for Editor in 0.57 ms, found 0 plugins.
Preloading 0 native plugins for Editor in 0.00 ms.
Unloading 1551 Unused Serialized files (Serialized files now loaded: 0)
System memory in use before: 73.9 MB.
System memory in use after: 74.0 MB.

Unloading 25 unused Assets to reduce memory usage. Loaded Objects now: 2031.
Total: 3.008000 ms (FindLiveObjects: 0.252400 ms CreateObjectMapping: 0.083600 ms MarkObjects: 2.631800 ms  DeleteObjects: 0.038600 ms)

========================================================================
Received Prepare
Registering precompiled user dll's ...
Registered in 0.009390 seconds.
Begin MonoManager ReloadAssembly
Native extension for WindowsStandalone target not found
Refreshing native plugins compatible for Editor in 1.41 ms, found 0 plugins.
Preloading 0 native plugins for Editor in 0.00 ms.
Invoked RoslynAnalysisRunner static constructor.
RoslynAnalysisRunner will not be running.
RoslynAnalysisRunner has terminated.
Mono: successfully reloaded assembly
- Completed reload, in  1.487 seconds
Platform modules already initialized, skipping
Refreshing native plugins compatible for Editor in 2.19 ms, found 0 plugins.
Preloading 0 native plugins for Editor in 0.00 ms.
Unloading 1551 Unused Serialized files (Serialized files now loaded: 0)
System memory in use before: 74.0 MB.
System memory in use after: 74.1 MB.

Unloading 25 unused Assets to reduce memory usage. Loaded Objects now: 2033.
Total: 4.456500 ms (FindLiveObjects: 0.458700 ms CreateObjectMapping: 0.374100 ms MarkObjects: 3.545100 ms  DeleteObjects: 0.076600 ms)

========================================================================
Received Import Request.
  Time since last request: 993.754930 seconds.
  path: Assets/Scripts/Pacer.cs
  artifactKey: Guid(1b4e8db41bbc8cf458348d33947b385c) Importer(815301076,1909f56bfc062723c751e8b465ee728b)
Start importing Assets/Scripts/Pacer.cs using Guid(1b4e8db41bbc8cf458348d33947b385c) Importer(815301076,1909f56bfc062723c751e8b465ee728b)  -> (artifact id: 'e2ed533133ea2f9001d8e91b279a0984') in 0.050804 seconds
  Import took 0.072761 seconds .

========================================================================
Received Import Request.
  Time since last request: 49.084146 seconds.
  path: Assets/Scripts/Sword.cs
  artifactKey: Guid(bbafc2f1eb6e45946b1f46d92e9e2d18) Importer(815301076,1909f56bfc062723c751e8b465ee728b)
Start importing Assets/Scripts/Sword.cs using Guid(bbafc2f1eb6e45946b1f46d92e9e2d18) Importer(815301076,1909f56bfc062723c751e8b465ee728b)  -> (artifact id: 'c3ef3c5582c7ba94ceec84dce842b20c') in 0.021487 seconds
  Import took 0.079830 seconds .

========================================================================
Received Prepare
Registering precompiled user dll's ...
Registered in 0.005878 seconds.
Begin MonoManager ReloadAssembly
Native extension for WindowsStandalone target not found
Refreshing native plugins compatible for Editor in 0.88 ms, found 0 plugins.
Preloading 0 native plugins for Editor in 0.00 ms.
Invoked RoslynAnalysisRunner static constructor.
RoslynAnalysisRunner will not be running.
RoslynAnalysisRunner has terminated.
Mono: successfully reloaded assembly
- Completed reload, in  3.699 seconds
Platform modules already initialized, skipping
Refreshing native plugins compatible for Editor in 2.75 ms, found 0 plugins.
Preloading 0 native plugins for Editor in 0.00 ms.
Unloading 1551 Unused Serialized files (Serialized files now loaded: 0)
System memory in use before: 74.1 MB.
System memory in use after: 74.3 MB.

Unloading 25 unused Assets to reduce memory usage. Loaded Objects now: 2035.
Total: 10.050300 ms (FindLiveObjects: 0.441500 ms CreateObjectMapping: 0.144900 ms MarkObjects: 9.331000 ms  DeleteObjects: 0.122100 ms)

========================================================================
Received Import Request.
  Time since last request: 59.116491 seconds.
  path: Assets/Scripts/Sword.cs
  artifactKey: Guid(bbafc2f1eb6e45946b1f46d92e9e2d18) Importer(815301076,1909f56bfc062723c751e8b465ee728b)
Start importing Assets/Scripts/Sword.cs using Guid(bbafc2f1eb6e45946b1f46d92e9e2d18) Importer(815301076,1909f56bfc062723c751e8b465ee728b)  -> (artifact id: 'cc139f96365f9891ab61b10a4f5c60e1') in 0.022107 seconds
  Import took 0.027686 seconds .

========================================================================
Received Import Request.
  Time since last request: 0.081519 seconds.
  path: Assets/Scripts/Sword.cs
  artifactKey: Guid(bbafc2f1eb6e45946b1f46d92e9e2d18) Importer(815301076,1909f56bfc062723c751e8b465ee728b)
Start importing Assets/Scripts/Sword.cs using Guid(bbafc2f1eb6e45946b1f46d92e9e2d18) Importer(815301076,1909f56bfc062723c751e8b465ee728b)  -> (artifact id: 'cc139f96365f9891ab61b10a4f5c60e1') in 0.011101 seconds
  Import took 0.019762 seconds .

========================================================================
Received Prepare
Registering precompiled user dll's ...
Registered in 0.011189 seconds.
Begin MonoManager ReloadAssembly
Native extension for WindowsStandalone target not found
Refreshing native plugins compatible for Editor in 0.50 ms, found 0 plugins.
Preloading 0 native plugins for Editor in 0.00 ms.
Invoked RoslynAnalysisRunner static constructor.
RoslynAnalysisRunner will not be running.
RoslynAnalysisRunner has terminated.
Mono: successfully reloaded assembly
- Completed reload, in  2.259 seconds
Platform modules already initialized, skipping
Refreshing native plugins compatible for Editor in 0.86 ms, found 0 plugins.
Preloading 0 native plugins for Editor in 0.00 ms.
Unloading 1551 Unused Serialized files (Serialized files now loaded: 0)
System memory in use before: 74.3 MB.
System memory in use after: 74.4 MB.

Unloading 25 unused Assets to reduce memory usage. Loaded Objects now: 2037.
Total: 28.849300 ms (FindLiveObjects: 3.303500 ms CreateObjectMapping: 3.409800 ms MarkObjects: 22.011500 ms  DeleteObjects: 0.100900 ms)

========================================================================
Received Prepare
Registering precompiled user dll's ...
Registered in 0.007306 seconds.
Begin MonoManager ReloadAssembly
Native extension for WindowsStandalone target not found
Refreshing native plugins compatible for Editor in 0.93 ms, found 0 plugins.
Preloading 0 native plugins for Editor in 0.00 ms.
Invoked RoslynAnalysisRunner static constructor.
RoslynAnalysisRunner will not be running.
RoslynAnalysisRunner has terminated.
Mono: successfully reloaded assembly
- Completed reload, in  3.012 seconds
Platform modules already initialized, skipping
Refreshing native plugins compatible for Editor in 1.22 ms, found 0 plugins.
Preloading 0 native plugins for Editor in 0.00 ms.
Unloading 1551 Unused Serialized files (Serialized files now loaded: 0)
System memory in use before: 74.4 MB.
System memory in use after: 74.5 MB.

Unloading 25 unused Assets to reduce memory usage. Loaded Objects now: 2039.
Total: 66.719500 ms (FindLiveObjects: 0.870900 ms CreateObjectMapping: 0.525000 ms MarkObjects: 64.848400 ms  DeleteObjects: 0.470800 ms)

========================================================================
Received Import Request.
  Time since last request: 388.422159 seconds.
  path: Assets/Scripts/Pacer.cs
  artifactKey: Guid(1b4e8db41bbc8cf458348d33947b385c) Importer(815301076,1909f56bfc062723c751e8b465ee728b)
Start importing Assets/Scripts/Pacer.cs using Guid(1b4e8db41bbc8cf458348d33947b385c) Importer(815301076,1909f56bfc062723c751e8b465ee728b)  -> (artifact id: '27664a77326ce91f7b44aa4a7a1bdcbf') in 0.115605 seconds
  Import took 0.136091 seconds .

========================================================================
Received Prepare
Registering precompiled user dll's ...
Registered in 0.007396 seconds.
Begin MonoManager ReloadAssembly
Native extension for WindowsStandalone target not found
Refreshing native plugins compatible for Editor in 1.35 ms, found 0 plugins.
Preloading 0 native plugins for Editor in 0.00 ms.
Invoked RoslynAnalysisRunner static constructor.
RoslynAnalysisRunner will not be running.
RoslynAnalysisRunner has terminated.
Mono: successfully reloaded assembly
- Completed reload, in  2.795 seconds
Platform modules already initialized, skipping
Refreshing native plugins compatible for Editor in 1.60 ms, found 0 plugins.
Preloading 0 native plugins for Editor in 0.00 ms.
Unloading 1551 Unused Serialized files (Serialized files now loaded: 0)
System memory in use before: 74.5 MB.
System memory in use after: 74.6 MB.

Unloading 25 unused Assets to reduce memory usage. Loaded Objects now: 2041.
Total: 9.029000 ms (FindLiveObjects: 0.442800 ms CreateObjectMapping: 0.101800 ms MarkObjects: 8.360700 ms  DeleteObjects: 0.120600 ms)

========================================================================
Received Import Request.
  Time since last request: 45.107955 seconds.
  path: Assets/Scripts/Pacer.cs
  artifactKey: Guid(1b4e8db41bbc8cf458348d33947b385c) Importer(815301076,1909f56bfc062723c751e8b465ee728b)
Start importing Assets/Scripts/Pacer.cs using Guid(1b4e8db41bbc8cf458348d33947b385c) Importer(815301076,1909f56bfc062723c751e8b465ee728b)  -> (artifact id: '0a0866b6719bb636e56e2bd660bd8703') in 0.050988 seconds
  Import took 0.062396 seconds .

========================================================================
Received Prepare
Registering precompiled user dll's ...
Registered in 0.009352 seconds.
Begin MonoManager ReloadAssembly
Native extension for WindowsStandalone target not found
Refreshing native plugins compatible for Editor in 1.17 ms, found 0 plugins.
Preloading 0 native plugins for Editor in 0.00 ms.
Invoked RoslynAnalysisRunner static constructor.
RoslynAnalysisRunner will not be running.
RoslynAnalysisRunner has terminated.
Mono: successfully reloaded assembly
- Completed reload, in  2.926 seconds
Platform modules already initialized, skipping
Refreshing native plugins compatible for Editor in 1.19 ms, found 0 plugins.
Preloading 0 native plugins for Editor in 0.00 ms.
Unloading 1551 Unused Serialized files (Serialized files now loaded: 0)
System memory in use before: 74.6 MB.
System memory in use after: 74.8 MB.

Unloading 25 unused Assets to reduce memory usage. Loaded Objects now: 2043.
Total: 7.597000 ms (FindLiveObjects: 0.719200 ms CreateObjectMapping: 0.217600 ms MarkObjects: 6.219800 ms  DeleteObjects: 0.436200 ms)

========================================================================
Received Prepare
Registering precompiled user dll's ...
Registered in 0.015759 seconds.
Begin MonoManager ReloadAssembly
Native extension for WindowsStandalone target not found
Refreshing native plugins compatible for Editor in 0.72 ms, found 0 plugins.
Preloading 0 native plugins for Editor in 0.00 ms.
Invoked RoslynAnalysisRunner static constructor.
RoslynAnalysisRunner will not be running.
RoslynAnalysisRunner has terminated.
Mono: successfully reloaded assembly
- Completed reload, in  2.385 seconds
Platform modules already initialized, skipping
Refreshing native plugins compatible for Editor in 0.65 ms, found 0 plugins.
Preloading 0 native plugins for Editor in 0.00 ms.
Unloading 1551 Unused Serialized files (Serialized files now loaded: 0)
System memory in use before: 74.7 MB.
System memory in use after: 74.8 MB.

Unloading 25 unused Assets to reduce memory usage. Loaded Objects now: 2045.
Total: 6.516100 ms (FindLiveObjects: 0.228700 ms CreateObjectMapping: 0.081900 ms MarkObjects: 6.145500 ms  DeleteObjects: 0.058100 ms)

========================================================================
Received Prepare
Registering precompiled user dll's ...
Registered in 0.008729 seconds.
Begin MonoManager ReloadAssembly
Native extension for WindowsStandalone target not found
Refreshing native plugins compatible for Editor in 0.66 ms, found 0 plugins.
Preloading 0 native plugins for Editor in 0.00 ms.
Invoked RoslynAnalysisRunner static constructor.
RoslynAnalysisRunner will not be running.
RoslynAnalysisRunner has terminated.
Mono: successfully reloaded assembly
- Completed reload, in  3.566 seconds
Platform modules already initialized, skipping
Refreshing native plugins compatible for Editor in 1.78 ms, found 0 plugins.
Preloading 0 native plugins for Editor in 0.00 ms.
Unloading 1551 Unused Serialized files (Serialized files now loaded: 0)
System memory in use before: 73.9 MB.
System memory in use after: 74.0 MB.

Unloading 25 unused Assets to reduce memory usage. Loaded Objects now: 2047.
Total: 14.857200 ms (FindLiveObjects: 1.121200 ms CreateObjectMapping: 0.533100 ms MarkObjects: 12.172200 ms  DeleteObjects: 1.026200 ms)

========================================================================
Received Prepare
Registering precompiled user dll's ...
Registered in 0.008401 seconds.
Begin MonoManager ReloadAssembly
Native extension for WindowsStandalone target not found
Refreshing native plugins compatible for Editor in 0.51 ms, found 0 plugins.
Preloading 0 native plugins for Editor in 0.00 ms.
Invoked RoslynAnalysisRunner static constructor.
RoslynAnalysisRunner will not be running.
RoslynAnalysisRunner has terminated.
Mono: successfully reloaded assembly
- Completed reload, in  1.270 seconds
Platform modules already initialized, skipping
Refreshing native plugins compatible for Editor in 0.79 ms, found 0 plugins.
Preloading 0 native plugins for Editor in 0.00 ms.
Unloading 1551 Unused Serialized files (Serialized files now loaded: 0)
System memory in use before: 74.0 MB.
System memory in use after: 74.1 MB.

Unloading 25 unused Assets to reduce memory usage. Loaded Objects now: 2049.
Total: 4.966300 ms (FindLiveObjects: 0.526400 ms CreateObjectMapping: 0.298900 ms MarkObjects: 4.099000 ms  DeleteObjects: 0.039500 ms)

========================================================================
Received Prepare
Registering precompiled user dll's ...
Registered in 0.004541 seconds.
Begin MonoManager ReloadAssembly
Native extension for WindowsStandalone target not found
Refreshing native plugins compatible for Editor in 0.56 ms, found 0 plugins.
Preloading 0 native plugins for Editor in 0.00 ms.
Invoked RoslynAnalysisRunner static constructor.
RoslynAnalysisRunner will not be running.
RoslynAnalysisRunner has terminated.
Mono: successfully reloaded assembly
- Completed reload, in  1.525 seconds
Platform modules already initialized, skipping
Refreshing native plugins compatible for Editor in 0.62 ms, found 0 plugins.
Preloading 0 native plugins for Editor in 0.00 ms.
Unloading 1551 Unused Serialized files (Serialized files now loaded: 0)
System memory in use before: 74.1 MB.
System memory in use after: 74.3 MB.

Unloading 25 unused Assets to reduce memory usage. Loaded Objects now: 2051.
Total: 21.676700 ms (FindLiveObjects: 0.725800 ms CreateObjectMapping: 0.306100 ms MarkObjects: 19.987000 ms  DeleteObjects: 0.652500 ms)

========================================================================
Received Prepare
Registering precompiled user dll's ...
Registered in 0.007546 seconds.
Begin MonoManager ReloadAssembly
Native extension for WindowsStandalone target not found
Refreshing native plugins compatible for Editor in 0.61 ms, found 0 plugins.
Preloading 0 native plugins for Editor in 0.00 ms.
Invoked RoslynAnalysisRunner static constructor.
RoslynAnalysisRunner will not be running.
RoslynAnalysisRunner has terminated.
Mono: successfully reloaded assembly
- Completed reload, in  2.699 seconds
Platform modules already initialized, skipping
Refreshing native plugins compatible for Editor in 3.42 ms, found 0 plugins.
Preloading 0 native plugins for Editor in 0.00 ms.
Unloading 1551 Unused Serialized files (Serialized files now loaded: 0)
System memory in use before: 74.3 MB.
System memory in use after: 74.4 MB.

Unloading 25 unused Assets to reduce memory usage. Loaded Objects now: 2053.
Total: 15.305600 ms (FindLiveObjects: 1.494400 ms CreateObjectMapping: 0.234300 ms MarkObjects: 13.194200 ms  DeleteObjects: 0.379600 ms)

========================================================================
Received Prepare
Registering precompiled user dll's ...
Registered in 0.006248 seconds.
Begin MonoManager ReloadAssembly
Native extension for WindowsStandalone target not found
Refreshing native plugins compatible for Editor in 0.85 ms, found 0 plugins.
Preloading 0 native plugins for Editor in 0.00 ms.
Invoked RoslynAnalysisRunner static constructor.
RoslynAnalysisRunner will not be running.
RoslynAnalysisRunner has terminated.
Mono: successfully reloaded assembly
- Completed reload, in  1.721 seconds
Platform modules already initialized, skipping
Refreshing native plugins compatible for Editor in 3.54 ms, found 0 plugins.
Preloading 0 native plugins for Editor in 0.00 ms.
Unloading 1551 Unused Serialized files (Serialized files now loaded: 0)
System memory in use before: 74.4 MB.
System memory in use after: 74.5 MB.

Unloading 25 unused Assets to reduce memory usage. Loaded Objects now: 2055.
Total: 14.241400 ms (FindLiveObjects: 0.356600 ms CreateObjectMapping: 0.128400 ms MarkObjects: 13.710600 ms  DeleteObjects: 0.043400 ms)

========================================================================
Received Prepare
Registering precompiled user dll's ...
Registered in 0.003353 seconds.
Begin MonoManager ReloadAssembly
Native extension for WindowsStandalone target not found
Refreshing native plugins compatible for Editor in 1.07 ms, found 0 plugins.
Preloading 0 native plugins for Editor in 0.00 ms.
Invoked RoslynAnalysisRunner static constructor.
RoslynAnalysisRunner will not be running.
RoslynAnalysisRunner has terminated.
Mono: successfully reloaded assembly
- Completed reload, in  2.333 seconds
Platform modules already initialized, skipping
Refreshing native plugins compatible for Editor in 1.09 ms, found 0 plugins.
Preloading 0 native plugins for Editor in 0.00 ms.
Unloading 1551 Unused Serialized files (Serialized files now loaded: 0)
System memory in use before: 74.5 MB.
System memory in use after: 74.6 MB.

Unloading 25 unused Assets to reduce memory usage. Loaded Objects now: 2057.
Total: 4.027400 ms (FindLiveObjects: 0.347300 ms CreateObjectMapping: 0.259000 ms MarkObjects: 3.353500 ms  DeleteObjects: 0.064800 ms)

========================================================================
Received Prepare
Registering precompiled user dll's ...
Registered in 0.009852 seconds.
Begin MonoManager ReloadAssembly
Native extension for WindowsStandalone target not found
Refreshing native plugins compatible for Editor in 2.89 ms, found 0 plugins.
Preloading 0 native plugins for Editor in 0.00 ms.
Invoked RoslynAnalysisRunner static constructor.
RoslynAnalysisRunner will not be running.
RoslynAnalysisRunner has terminated.
Mono: successfully reloaded assembly
- Completed reload, in  9.571 seconds
Platform modules already initialized, skipping
Refreshing native plugins compatible for Editor in 0.49 ms, found 0 plugins.
Preloading 0 native plugins for Editor in 0.00 ms.
Unloading 1551 Unused Serialized files (Serialized files now loaded: 0)
System memory in use before: 74.6 MB.
System memory in use after: 74.7 MB.

Unloading 25 unused Assets to reduce memory usage. Loaded Objects now: 2059.
Total: 8.152700 ms (FindLiveObjects: 0.513200 ms CreateObjectMapping: 0.355500 ms MarkObjects: 4.128700 ms  DeleteObjects: 3.151800 ms)

========================================================================
Received Prepare
Registering precompiled user dll's ...
Registered in 0.006432 seconds.
Begin MonoManager ReloadAssembly
Native extension for WindowsStandalone target not found
Refreshing native plugins compatible for Editor in 0.67 ms, found 0 plugins.
Preloading 0 native plugins for Editor in 0.00 ms.
Invoked RoslynAnalysisRunner static constructor.
RoslynAnalysisRunner will not be running.
RoslynAnalysisRunner has terminated.
Mono: successfully reloaded assembly
- Completed reload, in  2.337 seconds
Platform modules already initialized, skipping
Refreshing native plugins compatible for Editor in 0.52 ms, found 0 plugins.
Preloading 0 native plugins for Editor in 0.00 ms.
Unloading 1551 Unused Serialized files (Serialized files now loaded: 0)
System memory in use before: 74.7 MB.
System memory in use after: 74.8 MB.

Unloading 25 unused Assets to reduce memory usage. Loaded Objects now: 2061.
Total: 4.419100 ms (FindLiveObjects: 0.289700 ms CreateObjectMapping: 0.122600 ms MarkObjects: 3.934800 ms  DeleteObjects: 0.068900 ms)

========================================================================
Received Prepare
Registering precompiled user dll's ...
Registered in 0.006754 seconds.
Begin MonoManager ReloadAssembly
Native extension for WindowsStandalone target not found
Refreshing native plugins compatible for Editor in 0.57 ms, found 0 plugins.
Preloading 0 native plugins for Editor in 0.00 ms.
Invoked RoslynAnalysisRunner static constructor.
RoslynAnalysisRunner will not be running.
RoslynAnalysisRunner has terminated.
Mono: successfully reloaded assembly
- Completed reload, in  1.339 seconds
Platform modules already initialized, skipping
Refreshing native plugins compatible for Editor in 0.47 ms, found 0 plugins.
Preloading 0 native plugins for Editor in 0.00 ms.
Unloading 1551 Unused Serialized files (Serialized files now loaded: 0)
System memory in use before: 73.9 MB.
System memory in use after: 74.0 MB.

Unloading 25 unused Assets to reduce memory usage. Loaded Objects now: 2063.
Total: 2.381500 ms (FindLiveObjects: 0.311700 ms CreateObjectMapping: 0.108500 ms MarkObjects: 1.934200 ms  DeleteObjects: 0.025600 ms)

========================================================================
Received Prepare
Registering precompiled user dll's ...
Registered in 0.011141 seconds.
Begin MonoManager ReloadAssembly
Native extension for WindowsStandalone target not found
Refreshing native plugins compatible for Editor in 10.93 ms, found 0 plugins.
Preloading 0 native plugins for Editor in 0.00 ms.
Invoked RoslynAnalysisRunner static constructor.
RoslynAnalysisRunner will not be running.
RoslynAnalysisRunner has terminated.
Mono: successfully reloaded assembly
- Completed reload, in  1.979 seconds
Platform modules already initialized, skipping
Refreshing native plugins compatible for Editor in 0.47 ms, found 0 plugins.
Preloading 0 native plugins for Editor in 0.00 ms.
Unloading 1551 Unused Serialized files (Serialized files now loaded: 0)
System memory in use before: 74.0 MB.
System memory in use after: 74.1 MB.

Unloading 25 unused Assets to reduce memory usage. Loaded Objects now: 2065.
Total: 6.939100 ms (FindLiveObjects: 0.250400 ms CreateObjectMapping: 0.117700 ms MarkObjects: 6.082800 ms  DeleteObjects: 0.485700 ms)

========================================================================
Received Prepare
Registering precompiled user dll's ...
Registered in 0.006608 seconds.
Begin MonoManager ReloadAssembly
Native extension for WindowsStandalone target not found
Refreshing native plugins compatible for Editor in 0.55 ms, found 0 plugins.
Preloading 0 native plugins for Editor in 0.00 ms.
Invoked RoslynAnalysisRunner static constructor.
RoslynAnalysisRunner will not be running.
RoslynAnalysisRunner has terminated.
Mono: successfully reloaded assembly
- Completed reload, in  1.920 seconds
Platform modules already initialized, skipping
Refreshing native plugins compatible for Editor in 0.61 ms, found 0 plugins.
Preloading 0 native plugins for Editor in 0.00 ms.
Unloading 1551 Unused Serialized files (Serialized files now loaded: 0)
System memory in use before: 74.1 MB.
System memory in use after: 74.2 MB.

Unloading 25 unused Assets to reduce memory usage. Loaded Objects now: 2067.
Total: 4.782500 ms (FindLiveObjects: 0.322300 ms CreateObjectMapping: 0.104800 ms MarkObjects: 3.916600 ms  DeleteObjects: 0.436700 ms)

========================================================================
Received Prepare
Registering precompiled user dll's ...
Registered in 0.002747 seconds.
Begin MonoManager ReloadAssembly
Native extension for WindowsStandalone target not found
Refreshing native plugins compatible for Editor in 1.02 ms, found 0 plugins.
Preloading 0 native plugins for Editor in 0.00 ms.
Invoked RoslynAnalysisRunner static constructor.
RoslynAnalysisRunner will not be running.
RoslynAnalysisRunner has terminated.
Mono: successfully reloaded assembly
- Completed reload, in  1.242 seconds
Platform modules already initialized, skipping
Refreshing native plugins compatible for Editor in 0.72 ms, found 0 plugins.
Preloading 0 native plugins for Editor in 0.00 ms.
Unloading 1551 Unused Serialized files (Serialized files now loaded: 0)
System memory in use before: 74.3 MB.
System memory in use after: 74.4 MB.

Unloading 25 unused Assets to reduce memory usage. Loaded Objects now: 2069.
Total: 10.783200 ms (FindLiveObjects: 1.938100 ms CreateObjectMapping: 0.332500 ms MarkObjects: 8.419000 ms  DeleteObjects: 0.087400 ms)

========================================================================
Received Prepare
Registering precompiled user dll's ...
Registered in 0.025151 seconds.
Begin MonoManager ReloadAssembly
Native extension for WindowsStandalone target not found
Refreshing native plugins compatible for Editor in 0.63 ms, found 0 plugins.
Preloading 0 native plugins for Editor in 0.00 ms.
Invoked RoslynAnalysisRunner static constructor.
RoslynAnalysisRunner will not be running.
RoslynAnalysisRunner has terminated.
Mono: successfully reloaded assembly
- Completed reload, in  1.196 seconds
Platform modules already initialized, skipping
Refreshing native plugins compatible for Editor in 0.51 ms, found 0 plugins.
Preloading 0 native plugins for Editor in 0.00 ms.
Unloading 1551 Unused Serialized files (Serialized files now loaded: 0)
System memory in use before: 74.4 MB.
System memory in use after: 74.5 MB.

Unloading 25 unused Assets to reduce memory usage. Loaded Objects now: 2071.
Total: 4.742400 ms (FindLiveObjects: 0.967000 ms CreateObjectMapping: 0.122700 ms MarkObjects: 3.611200 ms  DeleteObjects: 0.039500 ms)

========================================================================
Received Prepare
Registering precompiled user dll's ...
Registered in 0.004645 seconds.
Begin MonoManager ReloadAssembly
Native extension for WindowsStandalone target not found
Refreshing native plugins compatible for Editor in 0.55 ms, found 0 plugins.
Preloading 0 native plugins for Editor in 0.00 ms.
Invoked RoslynAnalysisRunner static constructor.
RoslynAnalysisRunner will not be running.
RoslynAnalysisRunner has terminated.
Mono: successfully reloaded assembly
- Completed reload, in  2.488 seconds
Platform modules already initialized, skipping
Refreshing native plugins compatible for Editor in 0.51 ms, found 0 plugins.
Preloading 0 native plugins for Editor in 0.00 ms.
Unloading 1551 Unused Serialized files (Serialized files now loaded: 0)
System memory in use before: 74.5 MB.
System memory in use after: 74.6 MB.

Unloading 25 unused Assets to reduce memory usage. Loaded Objects now: 2073.
Total: 4.646700 ms (FindLiveObjects: 0.920200 ms CreateObjectMapping: 0.250800 ms MarkObjects: 3.437000 ms  DeleteObjects: 0.036100 ms)

========================================================================
Received Prepare
Registering precompiled user dll's ...
Registered in 0.002581 seconds.
Begin MonoManager ReloadAssembly
Native extension for WindowsStandalone target not found
Refreshing native plugins compatible for Editor in 1.15 ms, found 0 plugins.
Preloading 0 native plugins for Editor in 0.00 ms.
Invoked RoslynAnalysisRunner static constructor.
RoslynAnalysisRunner will not be running.
RoslynAnalysisRunner has terminated.
Mono: successfully reloaded assembly
- Completed reload, in  1.264 seconds
Platform modules already initialized, skipping
Refreshing native plugins compatible for Editor in 0.45 ms, found 0 plugins.
Preloading 0 native plugins for Editor in 0.00 ms.
Unloading 1551 Unused Serialized files (Serialized files now loaded: 0)
System memory in use before: 74.6 MB.
System memory in use after: 74.7 MB.

Unloading 25 unused Assets to reduce memory usage. Loaded Objects now: 2075.
Total: 7.708200 ms (FindLiveObjects: 0.269000 ms CreateObjectMapping: 0.141500 ms MarkObjects: 7.252200 ms  DeleteObjects: 0.042500 ms)

========================================================================
Received Prepare
Registering precompiled user dll's ...
Registered in 0.003436 seconds.
Begin MonoManager ReloadAssembly
Native extension for WindowsStandalone target not found
Refreshing native plugins compatible for Editor in 0.56 ms, found 0 plugins.
Preloading 0 native plugins for Editor in 0.00 ms.
Invoked RoslynAnalysisRunner static constructor.
RoslynAnalysisRunner will not be running.
RoslynAnalysisRunner has terminated.
Mono: successfully reloaded assembly
- Completed reload, in  1.374 seconds
Platform modules already initialized, skipping
Refreshing native plugins compatible for Editor in 0.65 ms, found 0 plugins.
Preloading 0 native plugins for Editor in 0.00 ms.
Unloading 1551 Unused Serialized files (Serialized files now loaded: 0)
System memory in use before: 74.7 MB.
System memory in use after: 74.9 MB.

Unloading 25 unused Assets to reduce memory usage. Loaded Objects now: 2077.
Total: 3.566000 ms (FindLiveObjects: 0.418700 ms CreateObjectMapping: 0.126800 ms MarkObjects: 2.988700 ms  DeleteObjects: 0.028900 ms)

========================================================================
Received Prepare
Registering precompiled user dll's ...
Registered in 0.002818 seconds.
Begin MonoManager ReloadAssembly
Native extension for WindowsStandalone target not found
Refreshing native plugins compatible for Editor in 0.54 ms, found 0 plugins.
Preloading 0 native plugins for Editor in 0.00 ms.
Invoked RoslynAnalysisRunner static constructor.
RoslynAnalysisRunner will not be running.
RoslynAnalysisRunner has terminated.
Mono: successfully reloaded assembly
- Completed reload, in  2.969 seconds
Platform modules already initialized, skipping
Refreshing native plugins compatible for Editor in 0.46 ms, found 0 plugins.
Preloading 0 native plugins for Editor in 0.00 ms.
Unloading 1551 Unused Serialized files (Serialized files now loaded: 0)
System memory in use before: 74.8 MB.
System memory in use after: 74.9 MB.

Unloading 25 unused Assets to reduce memory usage. Loaded Objects now: 2079.
Total: 6.065400 ms (FindLiveObjects: 1.148800 ms CreateObjectMapping: 0.344500 ms MarkObjects: 4.518500 ms  DeleteObjects: 0.050300 ms)

========================================================================
Received Prepare
Registering precompiled user dll's ...
Registered in 0.003673 seconds.
Begin MonoManager ReloadAssembly
Native extension for WindowsStandalone target not found
Refreshing native plugins compatible for Editor in 0.49 ms, found 0 plugins.
Preloading 0 native plugins for Editor in 0.00 ms.
Invoked RoslynAnalysisRunner static constructor.
RoslynAnalysisRunner will not be running.
RoslynAnalysisRunner has terminated.
Mono: successfully reloaded assembly
- Completed reload, in  1.385 seconds
Platform modules already initialized, skipping
Refreshing native plugins compatible for Editor in 0.52 ms, found 0 plugins.
Preloading 0 native plugins for Editor in 0.00 ms.
Unloading 1551 Unused Serialized files (Serialized files now loaded: 0)
System memory in use before: 74.0 MB.
System memory in use after: 74.1 MB.

Unloading 25 unused Assets to reduce memory usage. Loaded Objects now: 2081.
Total: 3.034400 ms (FindLiveObjects: 0.424100 ms CreateObjectMapping: 0.138500 ms MarkObjects: 2.440900 ms  DeleteObjects: 0.029300 ms)

========================================================================
Received Prepare
Registering precompiled user dll's ...
Registered in 0.002851 seconds.
Begin MonoManager ReloadAssembly
Native extension for WindowsStandalone target not found
Refreshing native plugins compatible for Editor in 0.76 ms, found 0 plugins.
Preloading 0 native plugins for Editor in 0.00 ms.
Invoked RoslynAnalysisRunner static constructor.
RoslynAnalysisRunner will not be running.
RoslynAnalysisRunner has terminated.
Mono: successfully reloaded assembly
- Completed reload, in  4.400 seconds
Platform modules already initialized, skipping
Refreshing native plugins compatible for Editor in 1.09 ms, found 0 plugins.
Preloading 0 native plugins for Editor in 0.00 ms.
Unloading 1551 Unused Serialized files (Serialized files now loaded: 0)
System memory in use before: 74.1 MB.
System memory in use after: 74.2 MB.

Unloading 25 unused Assets to reduce memory usage. Loaded Objects now: 2083.
Total: 9.564200 ms (FindLiveObjects: 1.118700 ms CreateObjectMapping: 0.559500 ms MarkObjects: 7.691400 ms  DeleteObjects: 0.190800 ms)

========================================================================
Received Prepare
Registering precompiled user dll's ...
Registered in 0.006459 seconds.
Begin MonoManager ReloadAssembly
Native extension for WindowsStandalone target not found
Refreshing native plugins compatible for Editor in 0.61 ms, found 0 plugins.
Preloading 0 native plugins for Editor in 0.00 ms.
Invoked RoslynAnalysisRunner static constructor.
RoslynAnalysisRunner will not be running.
RoslynAnalysisRunner has terminated.
Mono: successfully reloaded assembly
- Completed reload, in  1.442 seconds
Platform modules already initialized, skipping
Refreshing native plugins compatible for Editor in 0.54 ms, found 0 plugins.
Preloading 0 native plugins for Editor in 0.00 ms.
Unloading 1551 Unused Serialized files (Serialized files now loaded: 0)
System memory in use before: 74.2 MB.
System memory in use after: 74.4 MB.

Unloading 25 unused Assets to reduce memory usage. Loaded Objects now: 2085.
Total: 3.490600 ms (FindLiveObjects: 0.378100 ms CreateObjectMapping: 0.084400 ms MarkObjects: 2.957300 ms  DeleteObjects: 0.068700 ms)

========================================================================
Received Prepare
Registering precompiled user dll's ...
Registered in 0.004346 seconds.
Begin MonoManager ReloadAssembly
Native extension for WindowsStandalone target not found
Refreshing native plugins compatible for Editor in 0.82 ms, found 0 plugins.
Preloading 0 native plugins for Editor in 0.00 ms.
Invoked RoslynAnalysisRunner static constructor.
RoslynAnalysisRunner will not be running.
RoslynAnalysisRunner has terminated.
Mono: successfully reloaded assembly
- Completed reload, in  2.371 seconds
Platform modules already initialized, skipping
Refreshing native plugins compatible for Editor in 0.48 ms, found 0 plugins.
Preloading 0 native plugins for Editor in 0.00 ms.
Unloading 1551 Unused Serialized files (Serialized files now loaded: 0)
System memory in use before: 74.4 MB.
System memory in use after: 74.5 MB.

Unloading 25 unused Assets to reduce memory usage. Loaded Objects now: 2087.
Total: 5.688400 ms (FindLiveObjects: 0.424100 ms CreateObjectMapping: 0.153600 ms MarkObjects: 4.697800 ms  DeleteObjects: 0.410000 ms)

========================================================================
Received Prepare
Registering precompiled user dll's ...
Registered in 0.032137 seconds.
Begin MonoManager ReloadAssembly
Native extension for WindowsStandalone target not found
Refreshing native plugins compatible for Editor in 0.50 ms, found 0 plugins.
Preloading 0 native plugins for Editor in 0.00 ms.
Invoked RoslynAnalysisRunner static constructor.
RoslynAnalysisRunner will not be running.
RoslynAnalysisRunner has terminated.
Mono: successfully reloaded assembly
- Completed reload, in  1.308 seconds
Platform modules already initialized, skipping
Refreshing native plugins compatible for Editor in 0.48 ms, found 0 plugins.
Preloading 0 native plugins for Editor in 0.00 ms.
Unloading 1551 Unused Serialized files (Serialized files now loaded: 0)
System memory in use before: 74.5 MB.
System memory in use after: 74.6 MB.

Unloading 25 unused Assets to reduce memory usage. Loaded Objects now: 2089.
Total: 2.367000 ms (FindLiveObjects: 0.206400 ms CreateObjectMapping: 0.078800 ms MarkObjects: 2.057000 ms  DeleteObjects: 0.023600 ms)

========================================================================
Received Prepare
Registering precompiled user dll's ...
Registered in 0.003075 seconds.
Begin MonoManager ReloadAssembly
Native extension for WindowsStandalone target not found
Refreshing native plugins compatible for Editor in 0.47 ms, found 0 plugins.
Preloading 0 native plugins for Editor in 0.00 ms.
Invoked RoslynAnalysisRunner static constructor.
RoslynAnalysisRunner will not be running.
RoslynAnalysisRunner has terminated.
Mono: successfully reloaded assembly
- Completed reload, in  1.426 seconds
Platform modules already initialized, skipping
Refreshing native plugins compatible for Editor in 0.77 ms, found 0 plugins.
Preloading 0 native plugins for Editor in 0.00 ms.
Unloading 1551 Unused Serialized files (Serialized files now loaded: 0)
System memory in use before: 74.6 MB.
System memory in use after: 74.7 MB.

Unloading 25 unused Assets to reduce memory usage. Loaded Objects now: 2091.
Total: 5.574500 ms (FindLiveObjects: 0.636200 ms CreateObjectMapping: 0.774000 ms MarkObjects: 4.103900 ms  DeleteObjects: 0.058600 ms)

========================================================================
Received Prepare
Registering precompiled user dll's ...
Registered in 0.009160 seconds.
Begin MonoManager ReloadAssembly
Native extension for WindowsStandalone target not found
Refreshing native plugins compatible for Editor in 1.01 ms, found 0 plugins.
Preloading 0 native plugins for Editor in 0.00 ms.
Invoked RoslynAnalysisRunner static constructor.
RoslynAnalysisRunner will not be running.
RoslynAnalysisRunner has terminated.
Mono: successfully reloaded assembly
- Completed reload, in  1.661 seconds
Platform modules already initialized, skipping
Refreshing native plugins compatible for Editor in 0.82 ms, found 0 plugins.
Preloading 0 native plugins for Editor in 0.00 ms.
Unloading 1551 Unused Serialized files (Serialized files now loaded: 0)
System memory in use before: 74.7 MB.
System memory in use after: 74.8 MB.

Unloading 25 unused Assets to reduce memory usage. Loaded Objects now: 2093.
Total: 4.416100 ms (FindLiveObjects: 0.258300 ms CreateObjectMapping: 0.086000 ms MarkObjects: 4.013000 ms  DeleteObjects: 0.057200 ms)

========================================================================
Received Prepare
Registering precompiled user dll's ...
Registered in 0.009322 seconds.
Begin MonoManager ReloadAssembly
Native extension for WindowsStandalone target not found
Refreshing native plugins compatible for Editor in 0.51 ms, found 0 plugins.
Preloading 0 native plugins for Editor in 0.00 ms.
Invoked RoslynAnalysisRunner static constructor.
RoslynAnalysisRunner will not be running.
RoslynAnalysisRunner has terminated.
Mono: successfully reloaded assembly
- Completed reload, in  1.888 seconds
Platform modules already initialized, skipping
Refreshing native plugins compatible for Editor in 0.43 ms, found 0 plugins.
Preloading 0 native plugins for Editor in 0.00 ms.
Unloading 1551 Unused Serialized files (Serialized files now loaded: 0)
System memory in use before: 74.8 MB.
System memory in use after: 74.9 MB.

Unloading 25 unused Assets to reduce memory usage. Loaded Objects now: 2095.
Total: 3.502500 ms (FindLiveObjects: 0.315200 ms CreateObjectMapping: 0.097600 ms MarkObjects: 2.974000 ms  DeleteObjects: 0.113700 ms)

========================================================================
Received Prepare
Registering precompiled user dll's ...
Registered in 0.007653 seconds.
Begin MonoManager ReloadAssembly
Native extension for WindowsStandalone target not found
Refreshing native plugins compatible for Editor in 1.02 ms, found 0 plugins.
Preloading 0 native plugins for Editor in 0.00 ms.
Invoked RoslynAnalysisRunner static constructor.
RoslynAnalysisRunner will not be running.
RoslynAnalysisRunner has terminated.
Mono: successfully reloaded assembly
- Completed reload, in  3.956 seconds
Platform modules already initialized, skipping
Refreshing native plugins compatible for Editor in 1.14 ms, found 0 plugins.
Preloading 0 native plugins for Editor in 0.00 ms.
Unloading 1551 Unused Serialized files (Serialized files now loaded: 0)
System memory in use before: 74.0 MB.
System memory in use after: 74.1 MB.

Unloading 25 unused Assets to reduce memory usage. Loaded Objects now: 2097.
Total: 29.137000 ms (FindLiveObjects: 4.847700 ms CreateObjectMapping: 0.215800 ms MarkObjects: 23.267000 ms  DeleteObjects: 0.802500 ms)

========================================================================
Received Prepare
Registering precompiled user dll's ...
Registered in 0.008545 seconds.
Begin MonoManager ReloadAssembly
Native extension for WindowsStandalone target not found
Refreshing native plugins compatible for Editor in 0.72 ms, found 0 plugins.
Preloading 0 native plugins for Editor in 0.00 ms.
Invoked RoslynAnalysisRunner static constructor.
RoslynAnalysisRunner will not be running.
RoslynAnalysisRunner has terminated.
Mono: successfully reloaded assembly
- Completed reload, in  3.018 seconds
Platform modules already initialized, skipping
Refreshing native plugins compatible for Editor in 0.88 ms, found 0 plugins.
Preloading 0 native plugins for Editor in 0.00 ms.
Unloading 1551 Unused Serialized files (Serialized files now loaded: 0)
System memory in use before: 74.1 MB.
System memory in use after: 74.2 MB.

Unloading 25 unused Assets to reduce memory usage. Loaded Objects now: 2099.
Total: 13.070300 ms (FindLiveObjects: 0.485000 ms CreateObjectMapping: 0.130300 ms MarkObjects: 12.009300 ms  DeleteObjects: 0.442500 ms)

========================================================================
Received Prepare
Registering precompiled user dll's ...
Registered in 0.014471 seconds.
Begin MonoManager ReloadAssembly
Native extension for WindowsStandalone target not found
Refreshing native plugins compatible for Editor in 0.65 ms, found 0 plugins.
Preloading 0 native plugins for Editor in 0.00 ms.
Invoked RoslynAnalysisRunner static constructor.
RoslynAnalysisRunner will not be running.
RoslynAnalysisRunner has terminated.
Mono: successfully reloaded assembly
- Completed reload, in  4.256 seconds
Platform modules already initialized, skipping
Refreshing native plugins compatible for Editor in 0.70 ms, found 0 plugins.
Preloading 0 native plugins for Editor in 0.00 ms.
Unloading 1551 Unused Serialized files (Serialized files now loaded: 0)
System memory in use before: 74.2 MB.
System memory in use after: 74.3 MB.

Unloading 25 unused Assets to reduce memory usage. Loaded Objects now: 2101.
Total: 15.990200 ms (FindLiveObjects: 2.296200 ms CreateObjectMapping: 0.187700 ms MarkObjects: 12.801300 ms  DeleteObjects: 0.701600 ms)

========================================================================
Received Prepare
Registering precompiled user dll's ...
Registered in 0.010830 seconds.
Begin MonoManager ReloadAssembly
Native extension for WindowsStandalone target not found
Refreshing native plugins compatible for Editor in 0.45 ms, found 0 plugins.
Preloading 0 native plugins for Editor in 0.00 ms.
Invoked RoslynAnalysisRunner static constructor.
RoslynAnalysisRunner will not be running.
RoslynAnalysisRunner has terminated.
Mono: successfully reloaded assembly
- Completed reload, in  2.158 seconds
Platform modules already initialized, skipping
Refreshing native plugins compatible for Editor in 0.94 ms, found 0 plugins.
Preloading 0 native plugins for Editor in 0.00 ms.
Unloading 1551 Unused Serialized files (Serialized files now loaded: 0)
System memory in use before: 74.4 MB.
System memory in use after: 74.5 MB.

Unloading 25 unused Assets to reduce memory usage. Loaded Objects now: 2103.
Total: 6.833600 ms (FindLiveObjects: 2.121700 ms CreateObjectMapping: 0.320400 ms MarkObjects: 3.929400 ms  DeleteObjects: 0.452600 ms)

========================================================================
Received Prepare
Registering precompiled user dll's ...
Registered in 0.003832 seconds.
Begin MonoManager ReloadAssembly
Native extension for WindowsStandalone target not found
Refreshing native plugins compatible for Editor in 0.76 ms, found 0 plugins.
Preloading 0 native plugins for Editor in 0.00 ms.
Invoked RoslynAnalysisRunner static constructor.
RoslynAnalysisRunner will not be running.
RoslynAnalysisRunner has terminated.
Mono: successfully reloaded assembly
- Completed reload, in  1.215 seconds
Platform modules already initialized, skipping
Refreshing native plugins compatible for Editor in 0.59 ms, found 0 plugins.
Preloading 0 native plugins for Editor in 0.00 ms.
Unloading 1551 Unused Serialized files (Serialized files now loaded: 0)
System memory in use before: 74.5 MB.
System memory in use after: 74.6 MB.

Unloading 25 unused Assets to reduce memory usage. Loaded Objects now: 2105.
Total: 3.531000 ms (FindLiveObjects: 0.313600 ms CreateObjectMapping: 0.145000 ms MarkObjects: 2.921700 ms  DeleteObjects: 0.148400 ms)

========================================================================
Received Import Request.
  Time since last request: 2051.574836 seconds.
  path: Assets/Scripts/Sword.cs
  artifactKey: Guid(bbafc2f1eb6e45946b1f46d92e9e2d18) Importer(815301076,1909f56bfc062723c751e8b465ee728b)
Start importing Assets/Scripts/Sword.cs using Guid(bbafc2f1eb6e45946b1f46d92e9e2d18) Importer(815301076,1909f56bfc062723c751e8b465ee728b)  -> (artifact id: 'cc1fca5671c0059d10cf63ea85f3f53b') in 0.093715 seconds
  Import took 0.103512 seconds .

========================================================================
Received Prepare
Registering precompiled user dll's ...
Registered in 0.014434 seconds.
Begin MonoManager ReloadAssembly
Native extension for WindowsStandalone target not found
Refreshing native plugins compatible for Editor in 0.68 ms, found 0 plugins.
Preloading 0 native plugins for Editor in 0.00 ms.
Invoked RoslynAnalysisRunner static constructor.
RoslynAnalysisRunner will not be running.
RoslynAnalysisRunner has terminated.
Mono: successfully reloaded assembly
- Completed reload, in  2.558 seconds
Platform modules already initialized, skipping
Refreshing native plugins compatible for Editor in 0.50 ms, found 0 plugins.
Preloading 0 native plugins for Editor in 0.00 ms.
Unloading 1551 Unused Serialized files (Serialized files now loaded: 0)
System memory in use before: 74.6 MB.
System memory in use after: 74.7 MB.

Unloading 25 unused Assets to reduce memory usage. Loaded Objects now: 2107.
Total: 17.637700 ms (FindLiveObjects: 4.126200 ms CreateObjectMapping: 0.148300 ms MarkObjects: 12.626000 ms  DeleteObjects: 0.734900 ms)

========================================================================
Received Prepare
Registering precompiled user dll's ...
Registered in 0.007506 seconds.
Begin MonoManager ReloadAssembly
Native extension for WindowsStandalone target not found
Refreshing native plugins compatible for Editor in 0.69 ms, found 0 plugins.
Preloading 0 native plugins for Editor in 0.00 ms.
Invoked RoslynAnalysisRunner static constructor.
RoslynAnalysisRunner will not be running.
RoslynAnalysisRunner has terminated.
Mono: successfully reloaded assembly
- Completed reload, in  2.975 seconds
Platform modules already initialized, skipping
Refreshing native plugins compatible for Editor in 0.47 ms, found 0 plugins.
Preloading 0 native plugins for Editor in 0.00 ms.
Unloading 1551 Unused Serialized files (Serialized files now loaded: 0)
System memory in use before: 74.7 MB.
System memory in use after: 74.8 MB.

Unloading 25 unused Assets to reduce memory usage. Loaded Objects now: 2109.
Total: 3.625400 ms (FindLiveObjects: 0.277700 ms CreateObjectMapping: 0.090900 ms MarkObjects: 3.142300 ms  DeleteObjects: 0.112600 ms)

========================================================================
Received Prepare
Registering precompiled user dll's ...
Registered in 0.004171 seconds.
Begin MonoManager ReloadAssembly
Native extension for WindowsStandalone target not found
Refreshing native plugins compatible for Editor in 1.83 ms, found 0 plugins.
Preloading 0 native plugins for Editor in 0.00 ms.
Invoked RoslynAnalysisRunner static constructor.
RoslynAnalysisRunner will not be running.
RoslynAnalysisRunner has terminated.
Mono: successfully reloaded assembly
- Completed reload, in 10.349 seconds
Platform modules already initialized, skipping
Refreshing native plugins compatible for Editor in 0.94 ms, found 0 plugins.
Preloading 0 native plugins for Editor in 0.00 ms.
Unloading 1551 Unused Serialized files (Serialized files now loaded: 0)
System memory in use before: 74.9 MB.
System memory in use after: 75.0 MB.

Unloading 25 unused Assets to reduce memory usage. Loaded Objects now: 2111.
Total: 32.785500 ms (FindLiveObjects: 2.500300 ms CreateObjectMapping: 0.452700 ms MarkObjects: 25.589200 ms  DeleteObjects: 4.239500 ms)

========================================================================
Received Prepare
Registering precompiled user dll's ...
Registered in 0.013396 seconds.
Begin MonoManager ReloadAssembly
Native extension for WindowsStandalone target not found
Refreshing native plugins compatible for Editor in 0.91 ms, found 0 plugins.
Preloading 0 native plugins for Editor in 0.00 ms.
Invoked RoslynAnalysisRunner static constructor.
RoslynAnalysisRunner will not be running.
RoslynAnalysisRunner has terminated.
Mono: successfully reloaded assembly
- Completed reload, in  3.604 seconds
Platform modules already initialized, skipping
Refreshing native plugins compatible for Editor in 0.76 ms, found 0 plugins.
Preloading 0 native plugins for Editor in 0.00 ms.
Unloading 1551 Unused Serialized files (Serialized files now loaded: 0)
System memory in use before: 74.9 MB.
System memory in use after: 75.0 MB.

Unloading 25 unused Assets to reduce memory usage. Loaded Objects now: 2113.
Total: 15.776600 ms (FindLiveObjects: 0.297600 ms CreateObjectMapping: 0.081100 ms MarkObjects: 12.336200 ms  DeleteObjects: 3.058800 ms)

========================================================================
Received Import Request.
  Time since last request: 940.415901 seconds.
  path: Assets/Scripts/Movement controllers/Pacer.cs
  artifactKey: Guid(1b4e8db41bbc8cf458348d33947b385c) Importer(815301076,1909f56bfc062723c751e8b465ee728b)
Start importing Assets/Scripts/Movement controllers/Pacer.cs using Guid(1b4e8db41bbc8cf458348d33947b385c) Importer(815301076,1909f56bfc062723c751e8b465ee728b)  -> (artifact id: 'a9b3b593cddedc5e415002eae4a5154b') in 0.149814 seconds
  Import took 0.188878 seconds .

========================================================================
Received Prepare
Registering precompiled user dll's ...
Registered in 0.020996 seconds.
Begin MonoManager ReloadAssembly
Native extension for WindowsStandalone target not found
Refreshing native plugins compatible for Editor in 0.77 ms, found 0 plugins.
Preloading 0 native plugins for Editor in 0.00 ms.
Invoked RoslynAnalysisRunner static constructor.
RoslynAnalysisRunner will not be running.
RoslynAnalysisRunner has terminated.
Mono: successfully reloaded assembly
- Completed reload, in  9.546 seconds
Platform modules already initialized, skipping
Refreshing native plugins compatible for Editor in 0.43 ms, found 0 plugins.
Preloading 0 native plugins for Editor in 0.00 ms.
Unloading 1551 Unused Serialized files (Serialized files now loaded: 0)
System memory in use before: 74.1 MB.
System memory in use after: 74.2 MB.

Unloading 25 unused Assets to reduce memory usage. Loaded Objects now: 2115.
Total: 12.828400 ms (FindLiveObjects: 1.887700 ms CreateObjectMapping: 0.117900 ms MarkObjects: 10.464800 ms  DeleteObjects: 0.355000 ms)

========================================================================
Received Prepare
Registering precompiled user dll's ...
Registered in 0.012319 seconds.
Begin MonoManager ReloadAssembly
Native extension for WindowsStandalone target not found
Refreshing native plugins compatible for Editor in 0.56 ms, found 0 plugins.
Preloading 0 native plugins for Editor in 0.00 ms.
Invoked RoslynAnalysisRunner static constructor.
RoslynAnalysisRunner will not be running.
RoslynAnalysisRunner has terminated.
Mono: successfully reloaded assembly
- Completed reload, in  3.727 seconds
Platform modules already initialized, skipping
Refreshing native plugins compatible for Editor in 0.63 ms, found 0 plugins.
Preloading 0 native plugins for Editor in 0.00 ms.
Unloading 1551 Unused Serialized files (Serialized files now loaded: 0)
System memory in use before: 74.2 MB.
System memory in use after: 74.3 MB.

Unloading 25 unused Assets to reduce memory usage. Loaded Objects now: 2117.
Total: 28.037000 ms (FindLiveObjects: 1.083200 ms CreateObjectMapping: 0.163000 ms MarkObjects: 16.011000 ms  DeleteObjects: 10.775600 ms)

========================================================================
Received Prepare
Registering precompiled user dll's ...
Registered in 0.019318 seconds.
Begin MonoManager ReloadAssembly
Native extension for WindowsStandalone target not found
Refreshing native plugins compatible for Editor in 0.54 ms, found 0 plugins.
Preloading 0 native plugins for Editor in 0.00 ms.
Invoked RoslynAnalysisRunner static constructor.
RoslynAnalysisRunner will not be running.
RoslynAnalysisRunner has terminated.
Mono: successfully reloaded assembly
- Completed reload, in  2.524 seconds
Platform modules already initialized, skipping
Refreshing native plugins compatible for Editor in 1.16 ms, found 0 plugins.
Preloading 0 native plugins for Editor in 0.00 ms.
Unloading 1551 Unused Serialized files (Serialized files now loaded: 0)
System memory in use before: 74.3 MB.
System memory in use after: 74.5 MB.

Unloading 25 unused Assets to reduce memory usage. Loaded Objects now: 2119.
Total: 13.351200 ms (FindLiveObjects: 2.016900 ms CreateObjectMapping: 0.117800 ms MarkObjects: 10.551200 ms  DeleteObjects: 0.662600 ms)

========================================================================
Received Prepare
Registering precompiled user dll's ...
Registered in 0.024380 seconds.
Begin MonoManager ReloadAssembly
Native extension for WindowsStandalone target not found
Refreshing native plugins compatible for Editor in 1.73 ms, found 0 plugins.
Preloading 0 native plugins for Editor in 0.00 ms.
Invoked RoslynAnalysisRunner static constructor.
RoslynAnalysisRunner will not be running.
RoslynAnalysisRunner has terminated.
Mono: successfully reloaded assembly
- Completed reload, in  4.568 seconds
Platform modules already initialized, skipping
Refreshing native plugins compatible for Editor in 0.97 ms, found 0 plugins.
Preloading 0 native plugins for Editor in 0.00 ms.
Unloading 1551 Unused Serialized files (Serialized files now loaded: 0)
System memory in use before: 74.5 MB.
System memory in use after: 74.6 MB.

Unloading 25 unused Assets to reduce memory usage. Loaded Objects now: 2121.
Total: 5.850000 ms (FindLiveObjects: 0.378100 ms CreateObjectMapping: 0.113600 ms MarkObjects: 4.523700 ms  DeleteObjects: 0.830900 ms)

========================================================================
Received Import Request.
  Time since last request: 92566.043142 seconds.
  path: Assets/Sprites/HealthBar.png
  artifactKey: Guid(7db7cd3162b583046b0dbf18ebb5de23) Importer(815301076,1909f56bfc062723c751e8b465ee728b)
Start importing Assets/Sprites/HealthBar.png using Guid(7db7cd3162b583046b0dbf18ebb5de23) Importer(815301076,1909f56bfc062723c751e8b465ee728b)  -> (artifact id: '71a480bb0ad282b7fed9292bae9226c5') in 2.367530 seconds
  Import took 2.900621 seconds .

========================================================================
Received Import Request.
  Time since last request: 39.342752 seconds.
  path: Assets/Sprites/HealthBar.png
  artifactKey: Guid(7db7cd3162b583046b0dbf18ebb5de23) Importer(815301076,1909f56bfc062723c751e8b465ee728b)
Start importing Assets/Sprites/HealthBar.png using Guid(7db7cd3162b583046b0dbf18ebb5de23) Importer(815301076,1909f56bfc062723c751e8b465ee728b)  -> (artifact id: 'ad3ff4ade8b649fe08bb92eb2ac49e31') in 0.057529 seconds
  Import took 0.063464 seconds .

========================================================================
Received Import Request.
  Time since last request: 0.162441 seconds.
  path: Assets/Sprites/HealthBar.png
  artifactKey: Guid(7db7cd3162b583046b0dbf18ebb5de23) Importer(815301076,1909f56bfc062723c751e8b465ee728b)
Start importing Assets/Sprites/HealthBar.png using Guid(7db7cd3162b583046b0dbf18ebb5de23) Importer(815301076,1909f56bfc062723c751e8b465ee728b)  -> (artifact id: 'ad3ff4ade8b649fe08bb92eb2ac49e31') in 0.065576 seconds
  Import took 0.089098 seconds .

========================================================================
Received Import Request.
  Time since last request: 18.020492 seconds.
  path: Assets/Sprites/HealthBar.png
  artifactKey: Guid(7db7cd3162b583046b0dbf18ebb5de23) Importer(815301076,1909f56bfc062723c751e8b465ee728b)
Start importing Assets/Sprites/HealthBar.png using Guid(7db7cd3162b583046b0dbf18ebb5de23) Importer(815301076,1909f56bfc062723c751e8b465ee728b)  -> (artifact id: '9dc4f63e4a8df80c8067f0ada828e500') in 0.274711 seconds
  Import took 0.286005 seconds .

========================================================================
Received Prepare
Registering precompiled user dll's ...
Registered in 0.010144 seconds.
Begin MonoManager ReloadAssembly
Native extension for WindowsStandalone target not found
Refreshing native plugins compatible for Editor in 1.21 ms, found 0 plugins.
Preloading 0 native plugins for Editor in 0.00 ms.
Invoked RoslynAnalysisRunner static constructor.
RoslynAnalysisRunner will not be running.
RoslynAnalysisRunner has terminated.
Mono: successfully reloaded assembly
- Completed reload, in  4.307 seconds
Platform modules already initialized, skipping
Refreshing native plugins compatible for Editor in 1.79 ms, found 0 plugins.
Preloading 0 native plugins for Editor in 0.00 ms.
Unloading 1551 Unused Serialized files (Serialized files now loaded: 0)
System memory in use before: 74.6 MB.
System memory in use after: 74.7 MB.

Unloading 25 unused Assets to reduce memory usage. Loaded Objects now: 2132.
Total: 10.197600 ms (FindLiveObjects: 0.733200 ms CreateObjectMapping: 0.229700 ms MarkObjects: 9.080300 ms  DeleteObjects: 0.148800 ms)

AssetImportWorkerClient::OnTransportError - code=2 error=End of file
